[PRECHECK] Waiting for remote health before multi:4h (timeout=10.0s)
[PRECHECK] Remote GPU online: status=online


=== REMOTE GPU FULL-PIPELINE ORCHESTRATOR ===
Mode: FULL PIPELINE (ML + strategies + quantum)
Remote URL: http://127.0.0.1:4001
Worker output is written to per-job log files while jobs run.
Requested jobs: multi:15m, multi:1h, multi:4h
Remote GPU orchestrator + GPU-native config detected -> forcing max_parallel=1 to avoid worker contention
C:\Users\dudzi\AppData\Local\Programs\Python\Python312\Lib\site-packages\torch\cuda\__init__.py:65: FutureWarning: The pynvml package is deprecated. Please install nvidia-ml-py instead. If you did not install pynvml directly, please report this to the maintainers of the package that installed pynvml for you.
  import pynvml  # type: ignore[import]

══════════════════════════════════════════════════════════════════════════════════════════
  🌍 MULTI-PAIR BACKTEST — P#72 Adaptive+Funding+Grid — 5 pairs — 4h
  💰 Portfolio: $10,000 | Allocation: BTC=8%, ETH=12%, SOL=30%, BNB=35%, XRP=15%
══════════════════════════════════════════════════════════════════════════════════════════

────────────────────────────────────────────────────────────────────────────────
  🔄 BTCUSDT — 1991 candles — Capital: $800
  ⚙️  Overrides: BTC_DIRECTION_FILTER_ENABLED=False, BTC_LONG_BLOCK_ALL=False, CONFIDENCE_FLOOR=0.3, RISK_PER_TRADE=0.005, GRID_V2_ENABLED=False
────────────────────────────────────────────────────────────────────────────────
  🚧 GPU-native engine + remote quantum backend (local CUDA MLP + batched QMC)
  🚀 XGBoost → remote GPU training: http://127.0.0.1:4001
  🚀 PyTorch MLP → remote GPU training: http://127.0.0.1:4001
  📁 BTCUSDT: Loaded 1131 cached 8h funding rates
  📊 BTCUSDT real funding: mean_8h=0.000057, positive=88.1%, est. APR=6.25%
  ♻️ NeuronAI state restored (defense=False, WR=44%, risk_mult=0.50)
  🚀 XGBoost → remote GPU training: http://127.0.0.1:4001
  🚀 PyTorch MLP → remote GPU training: http://127.0.0.1:4001
  📁 BTCUSDT: Loaded 1131 cached 8h funding rates
  📊 BTCUSDT real funding: mean_8h=0.000057, positive=88.1%, est. APR=6.25%
  ♻️ Learner state restored (deactivated=set())
  🚧 GPU-native experimental engine active (CUDA tensor pipeline)
  🔌 Pre-computing ExternalSignals plan (1491 candles, lookback=200)
  ✅ ExtSig plan: 11 BUY / 58 SELL (377 ms)
  📊 MLP training loop: 1490 candles, retrain every 100, ~14 retrains, dims=[2048, 1024, 512, 256], epochs=96, repeat=32
    retrain 1/14 | candle 600/1990 (6.7%) | acc=0.818/0.556 | ep=24 | 1.1s
    retrain 2/14 | candle 700/1990 (13.4%) | acc=0.972/0.641 | ep=17 | 1.3s
    retrain 3/14 | candle 800/1990 (20.1%) | acc=0.962/0.579 | ep=14 | 1.5s
    retrain 4/14 | candle 900/1990 (26.8%) | acc=0.906/0.462 | ep=13 | 1.6s
    retrain 5/14 | candle 1000/1990 (33.6%) | acc=0.826/0.526 | ep=12 | 1.8s
    retrain 6/14 | candle 1100/1990 (40.3%) | acc=0.929/0.605 | ep=14 | 1.9s
    retrain 7/14 | candle 1200/1990 (47.0%) | acc=0.986/0.500 | ep=12 | 2.0s
    retrain 8/14 | candle 1300/1990 (53.7%) | acc=0.847/0.590 | ep=13 | 2.2s
    retrain 9/14 | candle 1400/1990 (60.4%) | acc=0.715/0.512 | ep=12 | 2.3s
    retrain 10/14 | candle 1500/1990 (67.1%) | acc=0.649/0.614 | ep=14 | 2.5s
    retrain 11/14 | candle 1600/1990 (73.8%) | acc=0.678/0.422 | ep=15 | 2.7s
    retrain 12/14 | candle 1700/1990 (80.5%) | acc=0.737/0.478 | ep=14 | 2.9s
    retrain 13/14 | candle 1800/1990 (87.2%) | acc=1.000/0.628 | ep=20 | 3.1s
    retrain 14/14 | candle 1900/1990 (94.0%) | acc=0.789/0.463 | ep=17 | 3.3s
    retrain 15/14 | candle 1990/1990 (100.0%) | acc=0.888/0.439 | ep=12 | 3.5s
  ✅ MLP training complete: 15 retrains in 3.5s
  ⚡ Executing 1490 candles (GridV2 + MomentumHTF + GPU_MLP signals)... [cooldown=3, min_conf=0.65, momentum_gate=False, TP=2.5×ATR SIMPLE_EXITS]
  ✅ Execution complete: 68 trades in 0.3s
  ❌ BTCUSDT: 68 trades | PF 0.822 | WR 32.4% | Return -1.78% | MaxDD 3.3%
  ⚛️  backend=remote-gpu | remote=online | calls=0 | failures=0
  💰 Funding Arb: $+22.37 | 35 positions | 745 settlements
  📰 News Filter: 0 blocked | 165 events | {'ECOSYSTEM': 82, 'FOMO': 12, 'REGULATORY': 50, 'WHALE_MOVE': 3, 'PANIC': 18}

  💰 WINNING TRADES (22):
    # Side  Entry Time               Entry$ Exit Time                 Exit$ Reason            Net PnL Regime           Strategy            
  ────────────────────────────────────────────────────────────────────────────────────────────────────────────────────────────────────────────
   50 SHORT 2025-11-03 16:00:00  $107083.50 2025-11-04 16:00:00  $102076.26 TP             $    +5.46 TRENDING_DOWN    GPU_MLP             
   57 SHORT 2025-11-18 12:00:00  $ 92906.20 2025-11-19 16:00:00  $ 88687.64 TP             $    +5.36 TRENDING_DOWN    GPU_MLP             
   42 SHORT 2025-10-21 16:00:00  $111790.90 2025-10-22 08:00:00  $106728.85 TP             $    +5.30 RANGING          GPU_MLP             
   38 SHORT 2025-10-13 16:00:00  $115791.80 2025-10-14 08:00:00  $111249.03 TP             $    +4.58 RANGING          GPU_MLP             
   56 SHORT 2025-11-17 04:00:00  $ 95652.60 2025-11-17 16:00:00  $ 92130.17 TP             $    +4.31 TRENDING_DOWN    GPU_MLP             
   14 SHORT 2025-08-13 20:00:00  $123308.00 2025-08-14 12:00:00  $118877.91 TP             $    +4.30 TRENDING_UP      GPU_MLP             
   58 SHORT 2025-11-20 04:00:00  $ 92323.00 2025-11-20 16:00:00  $ 89083.62 SL             $    +4.12 TRENDING_DOWN    GPU_MLP             
   55 SHORT 2025-11-13 16:00:00  $ 98680.50 2025-11-16 16:00:00  $ 93969.59 TP             $    +4.11 HIGH_VOLATILITY  GPU_MLP             
    7 LONG  2025-07-25 12:00:00  $115722.10 2025-07-27 16:00:00  $119563.38 TP             $    +3.98 RANGING          GPU_MLP             
    5 LONG  2025-07-21 16:00:00  $116761.30 2025-07-22 16:00:00  $120057.04 TP             $    +3.34 RANGING          GPU_MLP             
    6 SHORT 2025-07-24 12:00:00  $119110.10 2025-07-25 00:00:00  $115854.73 TP             $    +3.25 RANGING          GPU_MLP             
   44 LONG  2025-10-25 00:00:00  $111023.10 2025-10-26 20:00:00  $114077.23 TP             $    +3.21 RANGING          GPU_MLP             
   30 LONG  2025-09-30 08:00:00  $113046.80 2025-10-01 08:00:00  $115856.10 TP             $    +2.92 TRENDING_UP      GPU_MLP             
   60 LONG  2026-01-12 08:00:00  $ 90630.10 2026-01-13 08:00:00  $ 92657.85 TP             $    +2.66 RANGING          GPU_MLP             
   64 SHORT 2026-01-19 12:00:00  $ 93063.00 2026-01-20 04:00:00  $ 91211.08 TP             $    +2.38 RANGING          GPU_MLP             
   63 SHORT 2026-01-18 20:00:00  $ 93674.10 2026-01-19 00:00:00  $ 91944.81 TP             $    +2.20 RANGING          GPU_MLP             
   62 SHORT 2026-01-15 04:00:00  $ 96634.50 2026-01-18 04:00:00  $ 95036.10 TIME_EMERGENCY $    +1.92 TRENDING_UP      GPU_MLP             
   65 SHORT 2026-01-21 12:00:00  $ 90279.50 2026-01-24 12:00:00  $ 89279.90 TIME_EMERGENCY $    +1.27 TRENDING_DOWN    GPU_MLP             
    3 SHORT 2025-07-14 20:00:00  $119848.70 2025-07-17 20:00:00  $119178.00 TIME_EMERGENCY $    +0.59 TRENDING_UP      GPU_MLP             
   51 SHORT 2025-11-05 12:00:00  $103730.40 2025-11-07 16:00:00  $103393.20 RANGING_STALE  $    +0.30 TRENDING_DOWN    GPU_MLP             
    9 LONG  2025-08-02 04:00:00  $113986.20 2025-08-05 00:00:00  $114243.10 TIME_WEAK      $    +0.19 TRENDING_DOWN    GPU_MLP             
   21 LONG  2025-08-26 08:00:00  $109880.00 2025-08-29 04:00:00  $110016.10 TIME_WEAK      $    +0.06 TRENDING_DOWN    GPU_MLP             
  ────────────────────────────────────────────────────────────────────────────────────────────────────────────────────────────────────────────
                                                                TOTAL $   +65.81

  💀 LOSING TRADES (46):
    # Side  Entry Time               Entry$ Exit Time                 Exit$ Reason            Net PnL Regime           Strategy            
  ────────────────────────────────────────────────────────────────────────────────────────────────────────────────────────────────────────────
   43 SHORT 2025-10-23 00:00:00  $108375.00 2025-10-23 16:00:00  $111193.36 SL             $    -3.18 TRENDING_DOWN    GPU_MLP             
   52 SHORT 2025-11-08 04:00:00  $102350.30 2025-11-09 16:00:00  $104806.10 TIME_UNDERWATER $    -2.93 TRENDING_DOWN    GPU_MLP             
   59 SHORT 2025-11-23 00:00:00  $ 86308.50 2025-11-24 16:00:00  $ 88333.60 TIME_UNDERWATER $    -2.91 TRENDING_DOWN    GPU_MLP             
   37 SHORT 2025-10-11 08:00:00  $112260.20 2025-10-12 20:00:00  $114896.05 SL             $    -2.87 TRENDING_DOWN    GPU_MLP             
   61 SHORT 2026-01-13 20:00:00  $ 95411.80 2026-01-14 16:00:00  $ 97458.25 SL             $    -2.69 TRENDING_UP      GPU_MLP             
    8 LONG  2025-07-31 20:00:00  $115754.80 2025-08-01 16:00:00  $113450.18 SL             $    -2.51 HIGH_VOLATILITY  GPU_MLP             
   36 LONG  2025-10-10 04:00:00  $120936.80 2025-10-10 12:00:00  $118573.29 SL             $    -2.40 TRENDING_DOWN    GPU_MLP             
   20 LONG  2025-08-24 16:00:00  $112608.00 2025-08-25 20:00:00  $110454.12 SL             $    -2.39 TRENDING_DOWN    GPU_MLP             
   47 LONG  2025-10-30 08:00:00  $109716.90 2025-10-30 12:00:00  $107699.48 SL             $    -2.26 RANGING          GPU_MLP             
   46 LONG  2025-10-28 16:00:00  $113690.00 2025-10-29 12:00:00  $111636.38 SL             $    -2.23 TRENDING_UP      GPU_MLP             
   67 SHORT 2026-01-26 04:00:00  $ 87998.80 2026-01-27 20:00:00  $ 89530.42 SL             $    -2.21 TRENDING_DOWN    GPU_MLP             
   31 SHORT 2025-10-01 20:00:00  $118607.70 2025-10-02 16:00:00  $120614.04 SL             $    -2.11 TRENDING_UP      GPU_MLP             
   33 SHORT 2025-10-04 00:00:00  $122245.00 2025-10-05 00:00:00  $124313.22 SL             $    -2.11 TRENDING_UP      GPU_MLP             
    2 SHORT 2025-07-14 00:00:00  $120780.70 2025-07-14 04:00:00  $122804.69 SL             $    -2.10 TRENDING_UP      GPU_MLP             
   34 LONG  2025-10-05 20:00:00  $123480.10 2025-10-07 12:00:00  $121400.40 SL             $    -2.09 TRENDING_UP      GPU_MLP             
   45 LONG  2025-10-27 08:00:00  $115353.10 2025-10-28 04:00:00  $113511.35 SL             $    -1.98 TRENDING_UP      GPU_MLP             
   54 SHORT 2025-11-12 20:00:00  $101658.00 2025-11-13 04:00:00  $103246.57 SL             $    -1.93 RANGING          GPU_MLP             
   15 LONG  2025-08-15 00:00:00  $118970.10 2025-08-15 12:00:00  $117257.74 SL             $    -1.84 RANGING          GPU_MLP             
   27 LONG  2025-09-25 00:00:00  $112541.50 2025-09-25 12:00:00  $110891.63 SL             $    -1.84 TRENDING_DOWN    GPU_MLP             
   17 LONG  2025-08-18 12:00:00  $116152.00 2025-08-19 04:00:00  $114476.34 SL             $    -1.83 TRENDING_DOWN    GPU_MLP             
   32 SHORT 2025-10-03 04:00:00  $119638.10 2025-10-03 12:00:00  $121378.66 SL             $    -1.83 TRENDING_UP      GPU_MLP             
   40 SHORT 2025-10-20 00:00:00  $110144.00 2025-10-20 12:00:00  $111710.54 SL             $    -1.77 RANGING          GPU_MLP             
   26 LONG  2025-09-22 20:00:00  $112656.00 2025-09-24 04:00:00  $111083.80 SL             $    -1.76 TRENDING_DOWN    GPU_MLP             
   12 SHORT 2025-08-10 12:00:00  $118787.00 2025-08-11 00:00:00  $120409.96 SL             $    -1.74 TRENDING_UP      GPU_MLP             
    1 SHORT 2025-07-13 00:00:00  $117752.20 2025-07-13 12:00:00  $119357.41 SL             $    -1.73 TRENDING_UP      GPU_MLP             
   41 LONG  2025-10-21 00:00:00  $109068.80 2025-10-21 04:00:00  $107597.95 SL             $    -1.68 RANGING          GPU_MLP             
   68 LONG  2026-01-28 12:00:00  $ 89480.50 2026-01-29 00:00:00  $ 88323.70 SL             $    -1.66 RANGING          GPU_MLP             
   53 SHORT 2025-11-12 00:00:00  $103322.80 2025-11-12 08:00:00  $104689.18 SL             $    -1.65 RANGING          GPU_MLP             
   23 SHORT 2025-09-02 00:00:00  $110331.40 2025-09-02 12:00:00  $111739.08 SL             $    -1.62 RANGING          GPU_MLP             
   35 LONG  2025-10-08 00:00:00  $121372.40 2025-10-09 16:00:00  $119816.89 SL             $    -1.61 RANGING          GPU_MLP             
   13 SHORT 2025-08-11 16:00:00  $119085.90 2025-08-13 08:00:00  $120566.10 TIME_UNDERWATER $    -1.59 TRENDING_UP      GPU_MLP             
   66 LONG  2026-01-25 00:00:00  $ 88959.80 2026-01-25 16:00:00  $ 87894.45 SL             $    -1.55 TRENDING_DOWN    GPU_MLP             
   16 LONG  2025-08-16 00:00:00  $117431.90 2025-08-18 00:00:00  $116063.11 SL             $    -1.50 RANGING          GPU_MLP             
   19 LONG  2025-08-22 12:00:00  $116374.40 2025-08-24 00:00:00  $115035.50 TIME_UNDERWATER $    -1.47 HIGH_VOLATILITY  GPU_MLP             
   10 SHORT 2025-08-06 12:00:00  $115416.20 2025-08-07 08:00:00  $116672.80 SL             $    -1.41 RANGING          GPU_MLP             
   48 SHORT 2025-10-31 00:00:00  $109219.10 2025-11-01 12:00:00  $110300.20 TIME_UNDERWATER $    -1.25 TRENDING_DOWN    GPU_MLP             
   39 SHORT 2025-10-17 12:00:00  $106794.20 2025-10-19 08:00:00  $107783.00 TIME_UNDERWATER $    -1.18 TRENDING_DOWN    GPU_MLP             
   49 LONG  2025-11-02 08:00:00  $111196.00 2025-11-02 12:00:00  $110168.22 SL             $    -1.17 RANGING          GPU_MLP             
   11 SHORT 2025-08-07 20:00:00  $117478.00 2025-08-10 00:00:00  $118502.00 TIME_WEAK      $    -1.14 TRENDING_UP      GPU_MLP             
   25 LONG  2025-09-22 00:00:00  $114655.00 2025-09-22 04:00:00  $113672.97 SL             $    -1.11 TRENDING_DOWN    GPU_MLP             
   18 LONG  2025-08-19 16:00:00  $113123.30 2025-08-21 16:00:00  $112197.90 TIME_WEAK      $    -1.07 TRENDING_DOWN    GPU_MLP             
   29 SHORT 2025-09-28 20:00:00  $112172.10 2025-09-29 12:00:00  $113028.17 SL             $    -1.00 RANGING          GPU_MLP             
   24 LONG  2025-09-17 16:00:00  $115638.00 2025-09-19 16:00:00  $115123.20 TIME_WEAK      $    -0.62 HIGH_VOLATILITY  GPU_MLP             
    4 SHORT 2025-07-18 08:00:00  $119168.00 2025-07-21 04:00:00  $119365.20 TIME_WEAK      $    -0.28 TRENDING_UP      GPU_MLP             
   28 LONG  2025-09-26 00:00:00  $109573.00 2025-09-28 00:00:00  $109447.10 TIME_WEAK      $    -0.22 TRENDING_DOWN    GPU_MLP             
   22 LONG  2025-08-29 16:00:00  $108215.90 2025-08-31 20:00:00  $108248.30 TIME_WEAK      $    -0.05 TRENDING_DOWN    GPU_MLP             
  ────────────────────────────────────────────────────────────────────────────────────────────────────────────────────────────────────────────
                                                                TOTAL $   -80.07

  📊 PER-STRATEGY BREAKDOWN:
    ❌ GPU_MLP                         68 trades  $    -14.26  (avg $   -0.21)

────────────────────────────────────────────────────────────────────────────────
  🔄 ETHUSDT — 2190 candles — Capital: $1,200
  ⚙️  Overrides: CONFIDENCE_FLOOR=0.34, RISK_PER_TRADE=0.006, GRID_V2_ENABLED=False, FUNDING_ARB_ENABLED=True, FUNDING_MIN_RATE=5e-05
────────────────────────────────────────────────────────────────────────────────
  🚧 GPU-native engine + remote quantum backend (local CUDA MLP + batched QMC)
  🚀 XGBoost → remote GPU training: http://127.0.0.1:4001
  🚀 PyTorch MLP → remote GPU training: http://127.0.0.1:4001
  📁 ETHUSDT: Loaded 1131 cached 8h funding rates
  📊 ETHUSDT real funding: mean_8h=0.000031, positive=72.0%, est. APR=3.41%
  ♻️ NeuronAI state restored (defense=False, WR=45%, risk_mult=0.53)
  🚀 XGBoost → remote GPU training: http://127.0.0.1:4001
  🚀 PyTorch MLP → remote GPU training: http://127.0.0.1:4001
  📁 ETHUSDT: Loaded 1131 cached 8h funding rates
  📊 ETHUSDT real funding: mean_8h=0.000031, positive=72.0%, est. APR=3.41%
  ♻️ Learner state restored (deactivated=set())
  🚧 GPU-native experimental engine active (CUDA tensor pipeline)
  🔌 Pre-computing ExternalSignals plan (1690 candles, lookback=200)
  ✅ ExtSig plan: 80 BUY / 67 SELL (386 ms)
  📊 MLP training loop: 1689 candles, retrain every 100, ~16 retrains, dims=[2048, 1024, 512, 256], epochs=96, repeat=32
    retrain 1/16 | candle 600/2189 (5.9%) | acc=0.858/0.420 | ep=13 | 0.2s
    retrain 2/16 | candle 700/2189 (11.8%) | acc=0.833/0.393 | ep=13 | 0.4s
    retrain 3/16 | candle 800/2189 (17.8%) | acc=0.912/0.509 | ep=14 | 0.6s
    retrain 4/16 | candle 900/2189 (23.7%) | acc=0.818/0.429 | ep=12 | 0.8s
    retrain 5/16 | candle 1000/2189 (29.6%) | acc=0.952/0.526 | ep=12 | 1.0s
    retrain 6/16 | candle 1100/2189 (35.5%) | acc=0.916/0.534 | ep=18 | 1.3s
    retrain 7/16 | candle 1200/2189 (41.4%) | acc=0.861/0.571 | ep=18 | 1.6s
    retrain 8/16 | candle 1300/2189 (47.4%) | acc=0.824/0.527 | ep=14 | 1.8s
    retrain 9/16 | candle 1400/2189 (53.3%) | acc=0.946/0.630 | ep=13 | 2.0s
    retrain 10/16 | candle 1500/2189 (59.2%) | acc=0.754/0.358 | ep=11 | 2.1s
    retrain 11/16 | candle 1600/2189 (65.1%) | acc=0.855/0.642 | ep=12 | 2.3s
    retrain 12/16 | candle 1700/2189 (71.0%) | acc=0.882/0.500 | ep=11 | 2.5s
    retrain 13/16 | candle 1800/2189 (77.0%) | acc=0.967/0.642 | ep=25 | 2.8s
    retrain 14/16 | candle 1900/2189 (82.9%) | acc=0.978/0.388 | ep=11 | 3.0s
    retrain 15/16 | candle 2000/2189 (88.8%) | acc=0.931/0.277 | ep=11 | 3.1s
    retrain 16/16 | candle 2100/2189 (94.7%) | acc=0.851/0.489 | ep=11 | 3.3s
    retrain 17/16 | candle 2189/2189 (100.0%) | acc=0.847/0.480 | ep=12 | 3.4s
  ✅ MLP training complete: 17 retrains in 3.4s
  ⚡ Executing 1689 candles (GridV2 + MomentumHTF + GPU_MLP signals)... [cooldown=3, min_conf=0.65, momentum_gate=False, TP=2.5×ATR SIMPLE_EXITS]
  ✅ Execution complete: 80 trades in 0.4s
  ✅ ETHUSDT: 80 trades | PF 1.361 | WR 37.5% | Return +5.94% | MaxDD 1.7%
  ⚛️  backend=remote-gpu | remote=online | calls=0 | failures=0
  💰 Funding Arb: $+75.80 | 37 positions | 845 settlements
  📰 News Filter: 0 blocked | 283 events | {'ECOSYSTEM': 122, 'FOMO': 50, 'REGULATORY': 55, 'PANIC': 55, 'WHALE_MOVE': 1}

  💰 WINNING TRADES (30):
    # Side  Entry Time               Entry$ Exit Time                 Exit$ Reason            Net PnL Regime           Strategy            
  ────────────────────────────────────────────────────────────────────────────────────────────────────────────────────────────────────────────
   27 LONG  2025-08-20 08:00:00  $  4195.30 2025-08-22 12:00:00  $  4585.83 TP             $   +17.09 TRENDING_DOWN    GPU_MLP             
   80 SHORT 2026-03-17 04:00:00  $  2327.70 2026-03-19 12:00:00  $  2129.75 TP             $   +16.97 TRENDING_UP      GPU_MLP             
   43 SHORT 2025-11-04 04:00:00  $  3494.56 2025-11-04 20:00:00  $  3204.80 TP             $   +15.78 TRENDING_DOWN    GPU_MLP             
   52 LONG  2025-12-18 16:00:00  $  2781.93 2025-12-19 12:00:00  $  3019.92 TP             $   +15.73 TRENDING_DOWN    GPU_MLP             
   22 LONG  2025-08-11 12:00:00  $  4329.74 2025-08-13 08:00:00  $  4683.82 TP             $   +14.97 TRENDING_UP      GPU_MLP             
   16 SHORT 2025-07-31 04:00:00  $  3863.81 2025-08-01 16:00:00  $  3549.62 TP             $   +14.46 TRENDING_UP      GPU_MLP             
   73 SHORT 2026-03-05 00:00:00  $  2120.15 2026-03-08 00:00:00  $  1947.67 TIME_EMERGENCY $   +14.17 TRENDING_UP      GPU_MLP             
   21 LONG  2025-08-07 12:00:00  $  3837.01 2025-08-09 04:00:00  $  4126.42 TP             $   +13.60 TRENDING_UP      GPU_MLP             
   70 SHORT 2026-02-26 08:00:00  $  2057.66 2026-02-27 16:00:00  $  1929.57 TP             $   +12.42 TRENDING_UP      GPU_MLP             
   48 SHORT 2025-11-19 00:00:00  $  3073.02 2025-11-20 16:00:00  $  2862.21 TP             $   +11.91 TRENDING_DOWN    GPU_MLP             
   46 SHORT 2025-11-13 04:00:00  $  3538.74 2025-11-13 16:00:00  $  3323.62 TP             $   +11.80 RANGING          GPU_MLP             
   29 LONG  2025-08-25 20:00:00  $  4376.18 2025-08-27 12:00:00  $  4646.04 TP             $   +11.41 RANGING          GPU_MLP             
   61 SHORT 2026-01-07 00:00:00  $  3266.83 2026-01-08 12:00:00  $  3081.66 TP             $   +11.26 TRENDING_UP      GPU_MLP             
   45 SHORT 2025-11-09 16:00:00  $  3580.00 2025-11-12 16:00:00  $  3392.95 TP             $   +10.04 RANGING          GPU_MLP             
    6 LONG  2025-06-23 12:00:00  $  2248.54 2025-06-24 16:00:00  $  2470.09 TP             $    +9.80 TRENDING_DOWN    GPU_MLP             
   37 LONG  2025-10-01 20:00:00  $  4348.03 2025-10-03 16:00:00  $  4571.01 TP             $    +9.41 TRENDING_UP      GPU_MLP             
   38 LONG  2025-10-04 08:00:00  $  4483.83 2025-10-06 16:00:00  $  4707.76 TP             $    +9.25 TRENDING_UP      GPU_MLP             
   40 SHORT 2025-10-28 20:00:00  $  3979.20 2025-10-30 12:00:00  $  3783.70 TP             $    +9.21 RANGING          GPU_MLP             
   65 SHORT 2026-01-20 04:00:00  $  3123.37 2026-01-20 16:00:00  $  2985.23 TP             $    +8.82 TRENDING_DOWN    GPU_MLP             
   18 LONG  2025-08-04 00:00:00  $  3556.80 2025-08-04 20:00:00  $  3728.82 TP             $    +8.62 RANGING          GPU_MLP             
   42 SHORT 2025-11-03 00:00:00  $  3736.23 2025-11-03 16:00:00  $  3571.89 TP             $    +8.28 TRENDING_DOWN    GPU_MLP             
   11 SHORT 2025-07-20 12:00:00  $  3786.05 2025-07-23 12:00:00  $  3644.22 TIME_EMERGENCY $    +6.57 TRENDING_UP      GPU_MLP             
   47 SHORT 2025-11-15 12:00:00  $  3186.05 2025-11-18 12:00:00  $  3106.87 TIME_EMERGENCY $    +3.52 TRENDING_DOWN    GPU_MLP             
   31 LONG  2025-08-29 16:00:00  $  4340.78 2025-09-01 16:00:00  $  4368.06 TIME_EMERGENCY $    +1.05 TRENDING_DOWN    GPU_MLP             
   50 SHORT 2025-11-24 00:00:00  $  2856.44 2025-11-24 12:00:00  $  2846.47 RANGING_STALE  $    +0.56 RANGING          GPU_MLP             
   76 SHORT 2026-03-10 12:00:00  $  2079.35 2026-03-12 12:00:00  $  2072.33 RANGING_STALE  $    +0.54 RANGING          GPU_MLP             
   19 LONG  2025-08-05 12:00:00  $  3570.43 2025-08-06 00:00:00  $  3583.66 RANGING_STALE  $    +0.47 HIGH_VOLATILITY  GPU_MLP             
    3 LONG  2025-06-16 20:00:00  $  2544.17 2025-06-17 08:00:00  $  2552.19 RANGING_STALE  $    +0.38 HIGH_VOLATILITY  GPU_MLP             
   15 SHORT 2025-07-28 12:00:00  $  3808.11 2025-07-30 12:00:00  $  3797.25 TIME_WEAK      $    +0.38 TRENDING_UP      GPU_MLP             
    2 LONG  2025-06-13 08:00:00  $  2545.40 2025-06-14 00:00:00  $  2548.76 RANGING_STALE  $    +0.11 RANGING          GPU_MLP             
  ────────────────────────────────────────────────────────────────────────────────────────────────────────────────────────────────────────────
                                                                TOTAL $  +268.58

  💀 LOSING TRADES (50):
    # Side  Entry Time               Entry$ Exit Time                 Exit$ Reason            Net PnL Regime           Strategy            
  ────────────────────────────────────────────────────────────────────────────────────────────────────────────────────────────────────────────
   72 SHORT 2026-03-04 08:00:00  $  2054.97 2026-03-04 12:00:00  $  2156.63 SL             $    -8.26 TRENDING_UP      GPU_MLP             
   23 LONG  2025-08-14 12:00:00  $  4618.87 2025-08-15 12:00:00  $  4430.73 SL             $    -7.67 TRENDING_UP      GPU_MLP             
   28 LONG  2025-08-24 04:00:00  $  4758.70 2025-08-25 08:00:00  $  4566.80 SL             $    -7.67 TRENDING_UP      GPU_MLP             
   69 SHORT 2026-02-25 12:00:00  $  2013.73 2026-02-25 20:00:00  $  2104.09 SL             $    -7.61 HIGH_VOLATILITY  GPU_MLP             
    9 SHORT 2025-07-17 12:00:00  $  3420.49 2025-07-18 00:00:00  $  3560.34 SL             $    -7.49 TRENDING_UP      GPU_MLP             
   78 SHORT 2026-03-14 00:00:00  $  2101.16 2026-03-15 20:00:00  $  2174.88 SL             $    -7.23 TRENDING_UP      GPU_MLP             
   17 LONG  2025-08-02 04:00:00  $  3519.16 2025-08-02 16:00:00  $  3386.68 SL             $    -6.93 TRENDING_DOWN    GPU_MLP             
    8 SHORT 2025-07-16 04:00:00  $  3162.45 2025-07-16 16:00:00  $  3274.12 SL             $    -6.52 TRENDING_UP      GPU_MLP             
   26 LONG  2025-08-18 04:00:00  $  4257.47 2025-08-19 16:00:00  $  4119.91 SL             $    -6.11 TRENDING_DOWN    GPU_MLP             
   71 SHORT 2026-03-01 00:00:00  $  2023.29 2026-03-02 16:00:00  $  2082.38 SL             $    -6.07 RANGING          GPU_MLP             
   74 SHORT 2026-03-08 12:00:00  $  1943.32 2026-03-09 00:00:00  $  1998.88 SL             $    -5.96 TRENDING_DOWN    GPU_MLP             
   14 SHORT 2025-07-27 04:00:00  $  3768.01 2025-07-28 00:00:00  $  3888.14 SL             $    -5.84 TRENDING_UP      GPU_MLP             
   35 LONG  2025-09-23 04:00:00  $  4205.24 2025-09-24 04:00:00  $  4079.44 SL             $    -5.70 TRENDING_DOWN    GPU_MLP             
    5 LONG  2025-06-21 16:00:00  $  2384.76 2025-06-21 20:00:00  $  2312.01 SL             $    -5.59 TRENDING_DOWN    GPU_MLP             
   79 SHORT 2026-03-16 08:00:00  $  2269.94 2026-03-16 16:00:00  $  2330.25 SL             $    -5.49 TRENDING_UP      GPU_MLP             
   63 SHORT 2026-01-13 12:00:00  $  3184.41 2026-01-13 20:00:00  $  3264.24 SL             $    -5.20 HIGH_VOLATILITY  GPU_MLP             
   66 SHORT 2026-01-25 16:00:00  $  2812.96 2026-01-26 00:00:00  $  2882.69 SL             $    -5.17 HIGH_VOLATILITY  GPU_MLP             
    7 SHORT 2025-07-14 16:00:00  $  3000.33 2025-07-15 16:00:00  $  3081.40 SL             $    -5.04 TRENDING_UP      GPU_MLP             
    1 LONG  2025-06-12 16:00:00  $  2695.00 2025-06-12 20:00:00  $  2622.66 SL             $    -4.96 RANGING          GPU_MLP             
   36 LONG  2025-09-24 16:00:00  $  4161.50 2025-09-25 00:00:00  $  4056.33 SL             $    -4.81 TRENDING_DOWN    GPU_MLP             
   10 SHORT 2025-07-18 12:00:00  $  3563.68 2025-07-20 00:00:00  $  3658.01 TIME_UNDERWATER $    -4.70 TRENDING_UP      GPU_MLP             
   12 LONG  2025-07-24 00:00:00  $  3641.19 2025-07-24 04:00:00  $  3548.56 SL             $    -4.70 RANGING          GPU_MLP             
   30 LONG  2025-08-28 00:00:00  $  4541.63 2025-08-28 20:00:00  $  4433.27 SL             $    -4.61 RANGING          GPU_MLP             
   60 SHORT 2026-01-06 08:00:00  $  3238.08 2026-01-06 12:00:00  $  3309.05 SL             $    -4.54 TRENDING_UP      GPU_MLP             
   77 SHORT 2026-03-13 00:00:00  $  2118.85 2026-03-13 12:00:00  $  2163.75 SL             $    -4.44 RANGING          GPU_MLP             
   54 SHORT 2025-12-29 12:00:00  $  2935.75 2025-12-30 08:00:00  $  2997.42 SL             $    -4.42 HIGH_VOLATILITY  MomentumHTF         
   58 SHORT 2026-01-04 12:00:00  $  3135.55 2026-01-05 00:00:00  $  3198.87 SL             $    -4.22 TRENDING_UP      GPU_MLP             
   57 SHORT 2026-01-03 04:00:00  $  3090.50 2026-01-04 00:00:00  $  3150.36 SL             $    -4.06 TRENDING_UP      GPU_MLP             
   32 LONG  2025-09-02 04:00:00  $  4377.53 2025-09-02 12:00:00  $  4287.81 SL             $    -3.97 RANGING          GPU_MLP             
   56 SHORT 2026-01-02 12:00:00  $  3086.64 2026-01-02 16:00:00  $  3144.41 SL             $    -3.94 TRENDING_UP      GPU_MLP             
   59 SHORT 2026-01-05 12:00:00  $  3195.57 2026-01-05 20:00:00  $  3254.89 SL             $    -3.88 TRENDING_UP      GPU_MLP             
   33 SHORT 2025-09-04 04:00:00  $  4371.04 2025-09-05 12:00:00  $  4456.95 SL             $    -3.80 RANGING          GPU_MLP             
   34 LONG  2025-09-22 00:00:00  $  4305.87 2025-09-22 04:00:00  $  4232.62 SL             $    -3.31 TRENDING_DOWN    GPU_MLP             
   68 LONG  2026-02-13 12:00:00  $  2034.93 2026-02-15 12:00:00  $  2011.29 TIME_WEAK      $    -2.48 RANGING          GPU_MLP             
   41 SHORT 2025-10-31 12:00:00  $  3860.99 2025-11-02 04:00:00  $  3906.73 TIME_UNDERWATER $    -2.39 TRENDING_DOWN    GPU_MLP             
   67 LONG  2026-02-07 12:00:00  $  2052.54 2026-02-10 04:00:00  $  2007.47 TIME_WEAK      $    -2.28 TRENDING_DOWN    GPU_MLP             
   55 SHORT 2025-12-31 08:00:00  $  3002.20 2026-01-02 00:00:00  $  3022.53 TIME_UNDERWATER $    -1.52 RANGING          GPU_MLP             
    4 LONG  2025-06-18 12:00:00  $  2508.96 2025-06-20 12:00:00  $  2493.78 TIME_WEAK      $    -1.18 TRENDING_DOWN    GPU_MLP             
   13 SHORT 2025-07-24 16:00:00  $  3732.79 2025-07-26 16:00:00  $  3750.50 TIME_WEAK      $    -0.98 TRENDING_UP      GPU_MLP             
   39 SHORT 2025-10-23 12:00:00  $  3876.94 2025-10-24 00:00:00  $  3891.00 RANGING_STALE  $    -0.82 TRENDING_DOWN    GPU_MLP             
   49 SHORT 2025-11-23 00:00:00  $  2824.77 2025-11-23 12:00:00  $  2836.50 RANGING_STALE  $    -0.80 TRENDING_DOWN    GPU_MLP             
   24 LONG  2025-08-16 00:00:00  $  4432.24 2025-08-16 16:00:00  $  4418.53 RANGING_STALE  $    -0.70 RANGING          GPU_MLP             
   44 SHORT 2025-11-08 08:00:00  $  3413.03 2025-11-09 04:00:00  $  3422.78 RANGING_STALE  $    -0.69 TRENDING_DOWN    GPU_MLP             
   51 LONG  2025-12-12 12:00:00  $  3071.41 2025-12-14 20:00:00  $  3063.50 TIME_WEAK      $    -0.66 RANGING          GPU_MLP             
   62 LONG  2026-01-09 00:00:00  $  3119.60 2026-01-09 12:00:00  $  3112.08 RANGING_STALE  $    -0.63 RANGING          GPU_MLP             
   75 SHORT 2026-03-09 12:00:00  $  2022.63 2026-03-10 00:00:00  $  2026.80 RANGING_STALE  $    -0.56 RANGING          GPU_MLP             
   20 LONG  2025-08-06 12:00:00  $  3664.69 2025-08-07 00:00:00  $  3656.78 RANGING_STALE  $    -0.52 RANGING          GPU_MLP             
   25 LONG  2025-08-17 04:00:00  $  4467.12 2025-08-17 16:00:00  $  4459.56 RANGING_STALE  $    -0.44 RANGING          GPU_MLP             
   64 SHORT 2026-01-19 00:00:00  $  3212.29 2026-01-19 12:00:00  $  3216.21 RANGING_STALE  $    -0.39 HIGH_VOLATILITY  GPU_MLP             
   53 SHORT 2025-12-29 00:00:00  $  3043.75 2025-12-29 04:00:00  $  3047.09 SL             $    -0.37 HIGH_VOLATILITY  GPU_MLP             
  ────────────────────────────────────────────────────────────────────────────────────────────────────────────────────────────────────────────
                                                                TOTAL $  -197.32

  📊 PER-STRATEGY BREAKDOWN:
    ✅ GPU_MLP                         79 trades  $    +75.68  (avg $   +0.96)
    ❌ MomentumHTF                      1 trades  $     -4.42  (avg $   -4.42)

────────────────────────────────────────────────────────────────────────────────
  🔄 SOLUSDT — 2190 candles — Capital: $3,000
  ⚙️  Overrides: SL_ATR_MULT=2.0, TP_ATR_MULT=3.0, TP_CLAMP_MAX=5.5, RISK_PER_TRADE=0.01, MAX_POSITION_VALUE_PCT=0.5
────────────────────────────────────────────────────────────────────────────────
  🚧 GPU-native engine + remote quantum backend (local CUDA MLP + batched QMC)
  🚀 XGBoost → remote GPU training: http://127.0.0.1:4001
  🚀 PyTorch MLP → remote GPU training: http://127.0.0.1:4001
  📁 SOLUSDT: Loaded 1131 cached 8h funding rates
  📊 SOLUSDT real funding: mean_8h=0.000007, positive=55.9%, est. APR=0.79%
  ♻️ NeuronAI state restored (defense=False, WR=41%, risk_mult=0.50)
  🚀 XGBoost → remote GPU training: http://127.0.0.1:4001
  🚀 PyTorch MLP → remote GPU training: http://127.0.0.1:4001
  📁 SOLUSDT: Loaded 1131 cached 8h funding rates
  📊 SOLUSDT real funding: mean_8h=0.000007, positive=55.9%, est. APR=0.79%
  ♻️ Learner state restored (deactivated={'GridV2'})
  🚧 GPU-native experimental engine active (CUDA tensor pipeline)
  🔌 Pre-computing ExternalSignals plan (1690 candles, lookback=200)
  ✅ ExtSig plan: 63 BUY / 85 SELL (815 ms)
  📊 MLP training loop: 1689 candles, retrain every 100, ~16 retrains, dims=[2048, 1024, 512, 256], epochs=96, repeat=32
    retrain 1/16 | candle 600/2189 (5.9%) | acc=0.860/0.481 | ep=13 | 0.2s
    retrain 2/16 | candle 700/2189 (11.8%) | acc=0.860/0.550 | ep=14 | 0.4s
    retrain 3/16 | candle 800/2189 (17.8%) | acc=0.875/0.534 | ep=12 | 0.6s
    retrain 4/16 | candle 900/2189 (23.7%) | acc=0.839/0.500 | ep=13 | 0.8s
    retrain 5/16 | candle 1000/2189 (29.6%) | acc=0.944/0.569 | ep=12 | 1.0s
    retrain 6/16 | candle 1100/2189 (35.5%) | acc=1.000/0.583 | ep=13 | 1.2s
    retrain 7/16 | candle 1200/2189 (41.4%) | acc=0.988/0.610 | ep=11 | 1.4s
    retrain 8/16 | candle 1300/2189 (47.4%) | acc=0.968/0.483 | ep=14 | 1.6s
    retrain 9/16 | candle 1400/2189 (53.3%) | acc=0.907/0.492 | ep=13 | 1.8s
    retrain 10/16 | candle 1500/2189 (59.2%) | acc=0.819/0.633 | ep=11 | 2.0s
    retrain 11/16 | candle 1600/2189 (65.1%) | acc=0.678/0.417 | ep=12 | 2.2s
    retrain 12/16 | candle 1700/2189 (71.0%) | acc=0.937/0.433 | ep=14 | 2.4s
    retrain 13/16 | candle 1800/2189 (77.0%) | acc=0.856/0.552 | ep=12 | 2.6s
    retrain 14/16 | candle 1900/2189 (82.9%) | acc=1.000/0.614 | ep=16 | 2.8s
    retrain 15/16 | candle 2000/2189 (88.8%) | acc=0.961/0.436 | ep=11 | 3.0s
    retrain 16/16 | candle 2100/2189 (94.7%) | acc=0.881/0.364 | ep=12 | 3.1s
    retrain 17/16 | candle 2189/2189 (100.0%) | acc=0.809/0.614 | ep=13 | 3.3s
  ✅ MLP training complete: 17 retrains in 3.3s
  ⚡ Executing 1689 candles (GridV2 + MomentumHTF + GPU_MLP signals)... [cooldown=3, min_conf=0.65, momentum_gate=False, TP=2.5×ATR SIMPLE_EXITS]
  ✅ Execution complete: 69 trades in 0.4s
  ✅ SOLUSDT: 69 trades | PF 1.523 | WR 44.9% | Return +12.76% | MaxDD 4.0%
  ⚛️  backend=remote-gpu | remote=online | calls=0 | failures=0
  💰 Funding Arb: $+202.68 | 40 positions | 845 settlements
  📰 News Filter: 0 blocked | 274 events | {'ECOSYSTEM': 124, 'REGULATORY': 48, 'PANIC': 60, 'FOMO': 42}

  💰 WINNING TRADES (31):
    # Side  Entry Time               Entry$ Exit Time                 Exit$ Reason            Net PnL Regime           Strategy            
  ────────────────────────────────────────────────────────────────────────────────────────────────────────────────────────────────────────────
   11 SHORT 2025-07-31 04:00:00  $   181.24 2025-08-01 12:00:00  $   165.07 TP             $   +62.54 TRENDING_DOWN    GPU_MLP             
    7 SHORT 2025-07-22 12:00:00  $   201.83 2025-07-25 00:00:00  $   178.82 TP             $   +60.19 TRENDING_UP      GPU_MLP             
   58 SHORT 2025-12-22 12:00:00  $   128.07 2025-12-23 04:00:00  $   123.83 TP             $   +59.72 RANGING          GridV2              
   22 LONG  2025-09-09 00:00:00  $   214.63 2025-09-11 12:00:00  $   227.71 TP             $   +56.49 TRENDING_UP      GPU_MLP             
   21 LONG  2025-09-06 08:00:00  $   202.38 2025-09-08 08:00:00  $   211.09 TP             $   +55.88 RANGING          GPU_MLP             
   40 LONG  2025-10-22 16:00:00  $   180.20 2025-10-23 16:00:00  $   193.24 TP             $   +55.18 RANGING          GridV2              
   55 SHORT 2025-12-09 16:00:00  $   142.10 2025-12-11 00:00:00  $   132.13 TP             $   +54.40 HIGH_VOLATILITY  GridV2              
   10 SHORT 2025-07-29 04:00:00  $   186.05 2025-07-30 16:00:00  $   171.40 TP             $   +53.41 TRENDING_DOWN    GPU_MLP             
   51 SHORT 2025-11-18 16:00:00  $   141.44 2025-11-19 16:00:00  $   130.70 TP             $   +53.04 RANGING          GPU_MLP             
   56 SHORT 2025-12-16 16:00:00  $   127.73 2025-12-18 20:00:00  $   116.96 TP             $   +52.47 TRENDING_DOWN    GPU_MLP             
   14 LONG  2025-08-19 00:00:00  $   178.52 2025-08-21 00:00:00  $   188.44 TP             $   +52.20 RANGING          GridV2              
   42 SHORT 2025-10-30 04:00:00  $   195.80 2025-10-30 16:00:00  $   182.52 TP             $   +51.42 RANGING          GPU_MLP             
   25 LONG  2025-09-17 12:00:00  $   233.90 2025-09-17 20:00:00  $   244.36 TP             $   +51.06 RANGING          GPU_MLP             
   37 SHORT 2025-10-15 12:00:00  $   197.13 2025-10-17 04:00:00  $   177.83 TP             $   +50.63 RANGING          GPU_MLP             
   43 SHORT 2025-11-03 00:00:00  $   177.57 2025-11-03 12:00:00  $   166.80 TP             $   +49.50 TRENDING_DOWN    GPU_MLP             
   17 LONG  2025-08-26 16:00:00  $   197.43 2025-08-28 08:00:00  $   213.75 TP             $   +48.42 RANGING          GPU_MLP             
   24 SHORT 2025-09-14 00:00:00  $   246.89 2025-09-17 00:00:00  $   234.07 TIME_EMERGENCY $   +48.38 TRENDING_UP      GPU_MLP             
   34 SHORT 2025-10-09 12:00:00  $   219.11 2025-10-10 20:00:00  $   201.85 TP             $   +47.63 TRENDING_DOWN    GPU_MLP             
   47 SHORT 2025-11-10 20:00:00  $   167.31 2025-11-11 16:00:00  $   158.38 TP             $   +38.26 TRENDING_UP      GPU_MLP             
   50 SHORT 2025-11-17 04:00:00  $   141.33 2025-11-17 16:00:00  $   133.04 TP             $   +38.22 TRENDING_DOWN    GPU_MLP             
   57 LONG  2025-12-18 20:00:00  $   119.60 2025-12-21 20:00:00  $   126.03 TIME_EMERGENCY $   +30.35 RANGING          GridV2              
   52 SHORT 2025-11-20 04:00:00  $   143.80 2025-11-20 16:00:00  $   138.76 SL             $   +24.31 RANGING          GPU_MLP             
   53 LONG  2025-11-21 04:00:00  $   127.55 2025-11-24 04:00:00  $   130.34 TIME_EMERGENCY $   +11.31 TRENDING_DOWN    GPU_MLP             
   30 LONG  2025-09-30 12:00:00  $   206.00 2025-10-01 00:00:00  $   206.69 RANGING_STALE  $    +2.63 RANGING          GPU_MLP             
   69 LONG  2026-03-01 08:00:00  $    85.18 2026-03-03 04:00:00  $    85.58 RANGING_STALE  $    +2.12 TRENDING_UP      GPU_MLP             
   29 LONG  2025-09-29 12:00:00  $   210.07 2025-09-30 00:00:00  $   210.71 RANGING_STALE  $    +1.39 HIGH_VOLATILITY  GPU_MLP             
   36 SHORT 2025-10-14 12:00:00  $   202.22 2025-10-15 00:00:00  $   201.65 RANGING_STALE  $    +1.13 RANGING          GPU_MLP             
    2 LONG  2025-07-06 12:00:00  $   151.53 2025-07-07 00:00:00  $   151.86 RANGING_STALE  $    +1.08 HIGH_VOLATILITY  GPU_MLP             
    9 SHORT 2025-07-27 04:00:00  $   187.22 2025-07-27 16:00:00  $   186.92 RANGING_STALE  $    +0.85 RANGING          GPU_MLP             
   38 SHORT 2025-10-19 08:00:00  $   188.99 2025-10-20 16:00:00  $   188.83 RANGING_STALE  $    +0.12 RANGING          GPU_MLP             
    4 SHORT 2025-07-16 16:00:00  $   174.16 2025-07-17 04:00:00  $   174.02 RANGING_STALE  $    +0.09 HIGH_VOLATILITY  GridV2              
  ────────────────────────────────────────────────────────────────────────────────────────────────────────────────────────────────────────────
                                                                TOTAL $ +1114.42

  💀 LOSING TRADES (38):
    # Side  Entry Time               Entry$ Exit Time                 Exit$ Reason            Net PnL Regime           Strategy            
  ────────────────────────────────────────────────────────────────────────────────────────────────────────────────────────────────────────────
   67 LONG  2026-01-29 12:00:00  $   117.69 2026-01-30 00:00:00  $   112.62 SL             $   -42.47 TRENDING_DOWN    GPU_MLP             
   26 LONG  2025-09-18 16:00:00  $   248.36 2025-09-19 12:00:00  $   237.56 SL             $   -39.57 TRENDING_UP      GPU_MLP             
   63 LONG  2026-01-20 00:00:00  $   134.24 2026-01-20 08:00:00  $   129.59 SL             $   -37.79 TRENDING_DOWN    GPU_MLP             
   48 LONG  2025-11-12 16:00:00  $   153.05 2025-11-13 16:00:00  $   143.54 SL             $   -34.78 TRENDING_DOWN    GPU_MLP             
   27 LONG  2025-09-22 00:00:00  $   232.81 2025-09-22 04:00:00  $   226.17 SL             $   -34.31 TRENDING_DOWN    GPU_MLP             
   13 LONG  2025-08-17 08:00:00  $   193.58 2025-08-18 00:00:00  $   184.71 SL             $   -32.14 TRENDING_UP      GPU_MLP             
   16 LONG  2025-08-25 00:00:00  $   209.24 2025-08-25 08:00:00  $   196.10 SL             $   -32.06 TRENDING_UP      GPU_MLP             
   41 SHORT 2025-10-28 20:00:00  $   194.15 2025-10-29 12:00:00  $   200.41 SL             $   -31.08 RANGING          GPU_MLP             
   39 LONG  2025-10-21 16:00:00  $   193.96 2025-10-22 08:00:00  $   182.15 SL             $   -30.97 HIGH_VOLATILITY  GPU_MLP             
    3 LONG  2025-07-14 04:00:00  $   167.25 2025-07-15 00:00:00  $   161.03 SL             $   -30.82 TRENDING_UP      GPU_MLP             
   62 LONG  2026-01-18 12:00:00  $   142.00 2026-01-18 20:00:00  $   139.80 SL             $   -30.00 RANGING          GPU_MLP             
    1 SHORT 2025-06-28 16:00:00  $   150.67 2025-06-29 20:00:00  $   153.18 MAX_LOSS       $   -28.51 RANGING          GridV2              
   35 SHORT 2025-10-12 12:00:00  $   191.23 2025-10-14 00:00:00  $   205.71 TIME_UNDERWATER $   -25.45 TRENDING_DOWN    GPU_MLP             
   28 LONG  2025-09-25 00:00:00  $   207.30 2025-09-25 16:00:00  $   195.79 SL             $   -23.39 TRENDING_DOWN    GPU_MLP             
   31 SHORT 2025-10-01 12:00:00  $   220.25 2025-10-02 00:00:00  $   224.00 SL             $   -21.45 RANGING          GridV2              
   60 LONG  2026-01-14 04:00:00  $   144.86 2026-01-15 16:00:00  $   141.53 TIME_UNDERWATER $   -21.06 TRENDING_UP      GPU_MLP             
   46 SHORT 2025-11-09 16:00:00  $   166.15 2025-11-10 08:00:00  $   169.53 SL             $   -19.24 RANGING          GridV2              
   15 SHORT 2025-08-22 12:00:00  $   193.47 2025-08-22 16:00:00  $   197.97 SL             $   -18.26 HIGH_VOLATILITY  GridV2              
   54 SHORT 2025-11-24 16:00:00  $   137.24 2025-11-26 04:00:00  $   139.89 TIME_UNDERWATER $   -17.88 RANGING          GPU_MLP             
   19 LONG  2025-09-03 00:00:00  $   210.03 2025-09-04 12:00:00  $   203.76 TIME_UNDERWATER $   -17.49 TRENDING_UP      GPU_MLP             
    6 SHORT 2025-07-20 16:00:00  $   181.99 2025-07-21 00:00:00  $   184.64 MAX_LOSS       $   -17.17 RANGING          GridV2              
   23 SHORT 2025-09-12 00:00:00  $   235.09 2025-09-13 12:00:00  $   239.43 TIME_UNDERWATER $   -15.93 TRENDING_UP      GPU_MLP             
   59 LONG  2025-12-24 04:00:00  $   121.31 2025-12-25 20:00:00  $   120.06 TIME_UNDERWATER $   -14.21 RANGING          GridV2              
   45 SHORT 2025-11-07 12:00:00  $   155.42 2025-11-09 04:00:00  $   159.30 TIME_UNDERWATER $   -14.08 TRENDING_DOWN    GPU_MLP             
   33 LONG  2025-10-05 04:00:00  $   236.59 2025-10-06 20:00:00  $   232.35 TIME_UNDERWATER $   -14.02 TRENDING_UP      GPU_MLP             
   12 LONG  2025-08-14 20:00:00  $   192.47 2025-08-16 08:00:00  $   185.74 TIME_UNDERWATER $   -13.17 RANGING          GPU_MLP             
   18 LONG  2025-09-01 12:00:00  $   198.37 2025-09-01 20:00:00  $   194.94 SL             $   -12.74 RANGING          GridV2              
   64 LONG  2026-01-21 20:00:00  $   129.54 2026-01-23 08:00:00  $   127.54 TIME_UNDERWATER $   -12.45 TRENDING_DOWN    GPU_MLP             
   66 LONG  2026-01-26 16:00:00  $   124.31 2026-01-29 00:00:00  $   123.07 TIME_WEAK      $   -11.40 TRENDING_DOWN    GPU_MLP             
   49 LONG  2025-11-14 16:00:00  $   143.14 2025-11-16 08:00:00  $   139.92 TIME_UNDERWATER $   -10.29 TRENDING_DOWN    GPU_MLP             
   32 LONG  2025-10-02 12:00:00  $   227.18 2025-10-04 12:00:00  $   224.88 TIME_WEAK      $    -7.99 TRENDING_UP      GPU_MLP             
    5 SHORT 2025-07-18 08:00:00  $   178.46 2025-07-20 08:00:00  $   180.44 TIME_WEAK      $    -5.94 TRENDING_UP      GPU_MLP             
   65 LONG  2026-01-23 20:00:00  $   127.43 2026-01-25 08:00:00  $   126.77 TIME_UNDERWATER $    -5.40 TRENDING_DOWN    GPU_MLP             
   61 LONG  2026-01-16 08:00:00  $   143.14 2026-01-18 00:00:00  $   142.83 RANGING_STALE  $    -3.22 TRENDING_UP      GPU_MLP             
   68 LONG  2026-02-16 12:00:00  $    83.21 2026-02-18 08:00:00  $    82.86 RANGING_STALE  $    -2.16 HIGH_VOLATILITY  GPU_MLP             
   20 LONG  2025-09-05 00:00:00  $   203.53 2025-09-05 20:00:00  $   203.36 RANGING_STALE  $    -2.01 RANGING          GPU_MLP             
    8 SHORT 2025-07-26 04:00:00  $   186.43 2025-07-26 16:00:00  $   186.45 RANGING_STALE  $    -0.52 RANGING          GPU_MLP             
   44 SHORT 2025-11-05 00:00:00  $   156.93 2025-11-07 00:00:00  $   156.85 TIME_WEAK      $    -0.07 TRENDING_DOWN    GPU_MLP             
  ────────────────────────────────────────────────────────────────────────────────────────────────────────────────────────────────────────────
                                                                TOTAL $  -731.49

  📊 PER-STRATEGY BREAKDOWN:
    ✅ GPU_MLP                         56 trades  $   +262.57  (avg $   +4.69)
    ✅ GridV2                          13 trades  $   +120.36  (avg $   +9.26)

────────────────────────────────────────────────────────────────────────────────
  🔄 BNBUSDT — 2190 candles — Capital: $3,500
  ⚙️  Overrides: BNB_DIRECTION_FILTER_ENABLED=False, BNB_LONG_MIN_CONFIDENCE=0.3, BNB_LONG_REQUIRE_MTF_UPTREND=True, BNB_LONG_BLOCK_IN_TRENDING_DOWN=False, MOMENTUM_HTF_ENABLED=False
────────────────────────────────────────────────────────────────────────────────
  🚧 GPU-native engine + remote quantum backend (local CUDA MLP + batched QMC)
  🚀 XGBoost → remote GPU training: http://127.0.0.1:4001
  🚀 PyTorch MLP → remote GPU training: http://127.0.0.1:4001
  ⚠️ BNBUSDT: No Kraken perpetual available — using simulation
  ♻️ NeuronAI state restored (defense=False, WR=46%, risk_mult=0.50)
  🚀 XGBoost → remote GPU training: http://127.0.0.1:4001
  🚀 PyTorch MLP → remote GPU training: http://127.0.0.1:4001
  ⚠️ BNBUSDT: No Kraken perpetual available — using simulation
  ♻️ Learner state restored (deactivated={'GPU_MLP'})
  🚧 GPU-native experimental engine active (CUDA tensor pipeline)
  🔌 Pre-computing ExternalSignals plan (1690 candles, lookback=200)
  ✅ ExtSig plan: 57 BUY / 63 SELL (376 ms)
  📊 MLP training loop: 1689 candles, retrain every 100, ~16 retrains, dims=[2048, 1024, 512, 256], epochs=96, repeat=32
    retrain 1/16 | candle 600/2189 (5.9%) | acc=0.875/0.585 | ep=14 | 0.2s
    retrain 2/16 | candle 700/2189 (11.8%) | acc=0.842/0.500 | ep=15 | 0.3s
    retrain 3/16 | candle 800/2189 (17.8%) | acc=0.853/0.487 | ep=12 | 0.5s
    retrain 4/16 | candle 900/2189 (23.7%) | acc=0.637/0.561 | ep=13 | 0.6s
    retrain 5/16 | candle 1000/2189 (29.6%) | acc=0.987/0.595 | ep=15 | 0.8s
    retrain 6/16 | candle 1100/2189 (35.5%) | acc=0.695/0.455 | ep=18 | 1.0s
    retrain 7/16 | candle 1200/2189 (41.4%) | acc=0.944/0.523 | ep=15 | 1.2s
    retrain 8/16 | candle 1300/2189 (47.4%) | acc=0.935/0.580 | ep=12 | 1.3s
    retrain 9/16 | candle 1400/2189 (53.3%) | acc=0.929/0.538 | ep=16 | 1.6s
    retrain 10/16 | candle 1500/2189 (59.2%) | acc=0.818/0.400 | ep=11 | 1.7s
    retrain 11/16 | candle 1600/2189 (65.1%) | acc=0.886/0.538 | ep=11 | 1.9s
    retrain 12/16 | candle 1700/2189 (71.0%) | acc=0.893/0.382 | ep=12 | 2.0s
    retrain 13/16 | candle 1800/2189 (77.0%) | acc=0.903/0.472 | ep=12 | 2.2s
    retrain 14/16 | candle 1900/2189 (82.9%) | acc=0.908/0.479 | ep=11 | 2.4s
    retrain 15/16 | candle 2000/2189 (88.8%) | acc=0.915/0.532 | ep=11 | 2.5s
    retrain 16/16 | candle 2100/2189 (94.7%) | acc=0.911/0.354 | ep=11 | 2.6s
    retrain 17/16 | candle 2189/2189 (100.0%) | acc=0.817/0.510 | ep=16 | 2.9s
  ✅ MLP training complete: 17 retrains in 2.9s
  ⚡ Executing 1689 candles (GridV2 + MomentumHTF + GPU_MLP signals)... [cooldown=3, min_conf=0.65, momentum_gate=False, TP=2.5×ATR SIMPLE_EXITS]
  ✅ Execution complete: 100 trades in 0.3s
  ❌ BNBUSDT: 100 trades | PF 0.904 | WR 33.0% | Return -5.67% | MaxDD 9.3%
  ⚛️  backend=remote-gpu | remote=online | calls=0 | failures=0
  💰 Funding Arb: $+202.10 | 36 positions | 845 settlements
  📰 News Filter: 0 blocked | 216 events | {'REGULATORY': 37, 'PANIC': 31, 'ECOSYSTEM': 111, 'FOMO': 36, 'WHALE_MOVE': 1}

  💰 WINNING TRADES (33):
    # Side  Entry Time               Entry$ Exit Time                 Exit$ Reason            Net PnL Regime           Strategy            
  ────────────────────────────────────────────────────────────────────────────────────────────────────────────────────────────────────────────
   14 SHORT 2025-07-28 16:00:00  $   831.74 2025-07-30 16:00:00  $   773.79 TP             $  +132.70 TRENDING_UP      GPU_MLP             
   44 LONG  2025-10-11 04:00:00  $  1094.02 2025-10-12 12:00:00  $  1263.95 TP             $  +132.60 RANGING          GPU_MLP             
   33 SHORT 2025-09-21 00:00:00  $  1069.46 2025-09-22 04:00:00  $  1003.58 TP             $  +128.88 TRENDING_UP      GPU_MLP             
   11 SHORT 2025-07-23 08:00:00  $   808.46 2025-07-24 04:00:00  $   747.49 TP             $  +112.79 TRENDING_UP      GPU_MLP             
   18 LONG  2025-08-15 12:00:00  $   818.65 2025-08-17 08:00:00  $   863.03 TP             $  +101.13 RANGING          GPU_MLP             
   65 SHORT 2025-11-19 04:00:00  $   931.12 2025-11-19 16:00:00  $   883.66 TP             $   +99.17 RANGING          GPU_MLP             
   89 SHORT 2026-01-30 12:00:00  $   850.11 2026-01-31 16:00:00  $   798.31 TP             $   +98.30 TRENDING_DOWN    GPU_MLP             
   66 SHORT 2025-11-20 04:00:00  $   907.85 2025-11-21 04:00:00  $   841.43 TP             $   +97.02 TRENDING_DOWN    GPU_MLP             
    3 LONG  2025-06-23 12:00:00  $   622.99 2025-06-25 04:00:00  $   652.40 TP             $   +95.76 TRENDING_DOWN    GPU_MLP             
   50 LONG  2025-10-21 04:00:00  $  1072.25 2025-10-23 12:00:00  $  1146.47 TP             $   +93.60 TRENDING_DOWN    GPU_MLP             
   80 SHORT 2026-01-07 04:00:00  $   918.82 2026-01-08 04:00:00  $   878.55 TP             $   +93.30 TRENDING_UP      GPU_MLP             
   62 SHORT 2025-11-13 04:00:00  $   964.89 2025-11-13 16:00:00  $   922.18 TP             $   +89.17 RANGING          GPU_MLP             
   21 LONG  2025-08-19 12:00:00  $   832.19 2025-08-20 16:00:00  $   864.97 TP             $   +83.36 RANGING          GPU_MLP             
   99 LONG  2026-02-24 00:00:00  $   593.33 2026-02-25 12:00:00  $   619.78 TP             $   +72.00 TRENDING_DOWN    GPU_MLP             
   52 LONG  2025-10-26 20:00:00  $  1138.19 2025-10-27 08:00:00  $  1176.48 TP             $   +70.03 TRENDING_UP      GPU_MLP             
   43 SHORT 2025-10-07 16:00:00  $  1296.99 2025-10-10 16:00:00  $  1235.58 TIME_EMERGENCY $   +57.48 TRENDING_UP      GPU_MLP             
   71 SHORT 2025-12-09 16:00:00  $   914.21 2025-12-11 00:00:00  $   875.52 TP             $   +55.51 HIGH_VOLATILITY  GridV2              
   74 SHORT 2025-12-29 00:00:00  $   869.19 2025-12-29 12:00:00  $   847.35 TP             $   +54.59 TRENDING_UP      GPU_MLP             
   72 LONG  2025-12-11 04:00:00  $   866.88 2025-12-14 04:00:00  $   896.18 TIME_EMERGENCY $   +45.32 RANGING          GridV2              
   68 SHORT 2025-11-26 16:00:00  $   896.55 2025-11-29 16:00:00  $   873.10 TIME_EMERGENCY $   +41.76 RANGING          GridV2              
   98 SHORT 2026-02-21 08:00:00  $   630.18 2026-02-22 16:00:00  $   610.20 TP             $   +39.49 RANGING          GridV2              
   36 LONG  2025-09-25 16:00:00  $   958.65 2025-09-28 16:00:00  $   978.22 TIME_EMERGENCY $   +31.95 TRENDING_DOWN    GPU_MLP             
   25 SHORT 2025-08-24 16:00:00  $   869.52 2025-08-27 16:00:00  $   860.71 TIME_EMERGENCY $   +18.44 TRENDING_UP      GPU_MLP             
   12 LONG  2025-07-24 20:00:00  $   770.74 2025-07-25 16:00:00  $   774.31 RANGING_STALE  $    +6.29 RANGING          GPU_MLP             
    5 SHORT 2025-07-11 16:00:00  $   694.00 2025-07-13 20:00:00  $   692.00 TIME_WEAK      $    +4.72 TRENDING_UP      GPU_MLP             
   82 SHORT 2026-01-10 00:00:00  $   907.31 2026-01-12 00:00:00  $   905.27 TIME_WEAK      $    +3.42 TRENDING_UP      GPU_MLP             
   27 LONG  2025-08-29 04:00:00  $   857.20 2025-08-31 04:00:00  $   858.60 TIME_WEAK      $    +2.01 RANGING          GPU_MLP             
   95 SHORT 2026-02-14 12:00:00  $   634.73 2026-02-15 00:00:00  $   633.40 RANGING_STALE  $    +1.86 RANGING          GridV2              
   88 SHORT 2026-01-29 16:00:00  $   860.40 2026-01-30 00:00:00  $   858.99 SL             $    +1.85 HIGH_VOLATILITY  GPU_MLP             
   81 LONG  2026-01-08 16:00:00  $   888.32 2026-01-09 08:00:00  $   889.64 RANGING_STALE  $    +1.73 RANGING          GPU_MLP             
   54 SHORT 2025-10-29 08:00:00  $  1113.66 2025-10-30 08:00:00  $  1111.56 RANGING_STALE  $    +1.41 HIGH_VOLATILITY  GPU_MLP             
    1 LONG  2025-06-13 08:00:00  $   654.51 2025-06-13 20:00:00  $   655.35 RANGING_STALE  $    +1.22 RANGING          GPU_MLP             
   86 SHORT 2026-01-21 12:00:00  $   892.66 2026-01-23 12:00:00  $   892.00 TIME_WEAK      $    +0.09 TRENDING_DOWN    GPU_MLP             
  ────────────────────────────────────────────────────────────────────────────────────────────────────────────────────────────────────────────
                                                                TOTAL $ +1868.95

  💀 LOSING TRADES (67):
    # Side  Entry Time               Entry$ Exit Time                 Exit$ Reason            Net PnL Regime           Strategy            
  ────────────────────────────────────────────────────────────────────────────────────────────────────────────────────────────────────────────
   40 SHORT 2025-10-03 08:00:00  $  1106.39 2025-10-03 12:00:00  $  1138.69 SL             $   -58.17 TRENDING_UP      GPU_MLP             
   93 SHORT 2026-02-05 20:00:00  $   608.30 2026-02-06 12:00:00  $   652.20 SL             $   -57.94 TRENDING_DOWN    GPU_MLP             
   42 SHORT 2025-10-06 12:00:00  $  1221.50 2025-10-07 04:00:00  $  1260.88 SL             $   -56.95 TRENDING_UP      GPU_MLP             
   32 SHORT 2025-09-19 08:00:00  $   985.75 2025-09-20 12:00:00  $  1009.46 SL             $   -52.89 TRENDING_UP      GPU_MLP             
    7 SHORT 2025-07-17 20:00:00  $   720.65 2025-07-18 04:00:00  $   739.06 SL             $   -52.55 TRENDING_UP      GPU_MLP             
   91 LONG  2026-02-03 12:00:00  $   776.75 2026-02-03 16:00:00  $   743.77 SL             $   -52.10 TRENDING_DOWN    GPU_MLP             
   39 SHORT 2025-10-02 16:00:00  $  1073.81 2025-10-02 20:00:00  $  1099.41 SL             $   -51.91 TRENDING_UP      GPU_MLP             
   16 LONG  2025-08-01 08:00:00  $   771.55 2025-08-01 20:00:00  $   745.58 SL             $   -51.87 TRENDING_DOWN    GPU_MLP             
   92 LONG  2026-02-04 04:00:00  $   764.19 2026-02-04 12:00:00  $   731.79 SL             $   -51.58 TRENDING_DOWN    GPU_MLP             
   56 LONG  2025-11-01 20:00:00  $  1094.53 2025-11-03 00:00:00  $  1068.90 SL             $   -51.54 TRENDING_DOWN    GPU_MLP             
    9 SHORT 2025-07-20 16:00:00  $   753.10 2025-07-21 08:00:00  $   774.80 SL             $   -50.87 TRENDING_UP      GPU_MLP             
   17 LONG  2025-08-02 08:00:00  $   756.29 2025-08-03 00:00:00  $   730.85 SL             $   -50.81 TRENDING_DOWN    GPU_MLP             
   10 SHORT 2025-07-21 20:00:00  $   766.22 2025-07-22 20:00:00  $   787.02 SL             $   -50.77 TRENDING_UP      GPU_MLP             
   47 LONG  2025-10-16 16:00:00  $  1145.30 2025-10-17 04:00:00  $  1085.36 SL             $   -50.14 TRENDING_DOWN    GPU_MLP             
   94 LONG  2026-02-12 08:00:00  $   617.69 2026-02-13 04:00:00  $   595.96 SL             $   -49.99 TRENDING_DOWN    GPU_MLP             
   70 LONG  2025-12-08 00:00:00  $   902.01 2025-12-09 12:00:00  $   882.27 SL             $   -49.34 TRENDING_UP      GPU_MLP             
   15 LONG  2025-07-31 04:00:00  $   803.69 2025-07-31 20:00:00  $   786.70 SL             $   -47.70 RANGING          GPU_MLP             
   34 SHORT 2025-09-22 20:00:00  $   992.90 2025-09-23 08:00:00  $  1020.11 SL             $   -47.53 RANGING          GPU_MLP             
   35 LONG  2025-09-23 20:00:00  $  1015.98 2025-09-25 04:00:00  $   989.08 SL             $   -47.21 RANGING          GPU_MLP             
   13 SHORT 2025-07-27 12:00:00  $   814.98 2025-07-27 20:00:00  $   832.05 SL             $   -46.12 TRENDING_UP      GPU_MLP             
   59 SHORT 2025-11-09 04:00:00  $   989.60 2025-11-10 00:00:00  $  1013.77 SL             $   -46.02 RANGING          GPU_MLP             
   45 LONG  2025-10-13 00:00:00  $  1296.29 2025-10-14 04:00:00  $  1214.28 SL             $   -45.66 RANGING          GPU_MLP             
   49 LONG  2025-10-20 00:00:00  $  1128.17 2025-10-20 16:00:00  $  1098.54 SL             $   -45.17 RANGING          GPU_MLP             
   19 LONG  2025-08-17 20:00:00  $   855.38 2025-08-18 00:00:00  $   838.47 SL             $   -44.29 TRENDING_UP      GPU_MLP             
   69 LONG  2025-12-07 00:00:00  $   897.92 2025-12-07 12:00:00  $   881.31 SL             $   -42.45 TRENDING_UP      GPU_MLP             
   24 LONG  2025-08-23 12:00:00  $   888.64 2025-08-24 04:00:00  $   872.03 SL             $   -42.10 RANGING          GPU_MLP             
   60 SHORT 2025-11-10 12:00:00  $   980.04 2025-11-11 00:00:00  $   998.51 SL             $   -40.45 RANGING          GPU_MLP             
   90 SHORT 2026-02-01 12:00:00  $   749.98 2026-02-03 00:00:00  $   772.30 TIME_UNDERWATER $   -39.65 TRENDING_DOWN    GPU_MLP             
   75 SHORT 2025-12-30 12:00:00  $   862.78 2025-12-31 12:00:00  $   877.11 SL             $   -38.82 TRENDING_UP      GPU_MLP             
   97 LONG  2026-02-19 04:00:00  $   610.78 2026-02-19 12:00:00  $   599.75 SL             $   -38.51 RANGING          GPU_MLP             
   79 SHORT 2026-01-06 04:00:00  $   904.71 2026-01-06 12:00:00  $   919.18 SL             $   -36.23 TRENDING_UP      GPU_MLP             
   83 SHORT 2026-01-13 04:00:00  $   910.05 2026-01-13 16:00:00  $   924.15 SL             $   -35.77 TRENDING_UP      GPU_MLP             
   63 SHORT 2025-11-14 04:00:00  $   923.08 2025-11-15 16:00:00  $   941.33 TIME_UNDERWATER $   -32.33 TRENDING_DOWN    GPU_MLP             
   76 SHORT 2026-01-01 00:00:00  $   869.16 2026-01-02 12:00:00  $   880.91 SL             $   -31.57 TRENDING_UP      GPU_MLP             
   78 SHORT 2026-01-05 00:00:00  $   900.02 2026-01-05 16:00:00  $   912.25 SL             $   -31.26 TRENDING_UP      GPU_MLP             
   28 LONG  2025-08-31 20:00:00  $   857.65 2025-09-01 12:00:00  $   846.82 SL             $   -28.76 TRENDING_DOWN    GPU_MLP             
   37 SHORT 2025-09-29 04:00:00  $  1009.87 2025-09-29 12:00:00  $  1022.50 SL             $   -28.38 RANGING          GPU_MLP             
   77 SHORT 2026-01-03 00:00:00  $   879.20 2026-01-04 12:00:00  $   889.30 TIME_UNDERWATER $   -26.83 TRENDING_UP      GPU_MLP             
   85 LONG  2026-01-19 16:00:00  $   926.56 2026-01-20 04:00:00  $   915.82 SL             $   -26.75 RANGING          GPU_MLP             
    8 SHORT 2025-07-18 16:00:00  $   731.85 2025-07-20 04:00:00  $   744.69 TIME_UNDERWATER $   -26.69 TRENDING_UP      GPU_MLP             
   23 SHORT 2025-08-22 12:00:00  $   876.22 2025-08-22 16:00:00  $   890.69 MAX_LOSS       $   -26.68 HIGH_VOLATILITY  GridV2              
   73 SHORT 2025-12-28 08:00:00  $   854.60 2025-12-28 12:00:00  $   862.81 SL             $   -22.89 RANGING          GPU_MLP             
   84 SHORT 2026-01-13 16:00:00  $   941.50 2026-01-13 20:00:00  $   950.66 SL             $   -22.40 HIGH_VOLATILITY  GridV2              
    6 SHORT 2025-07-16 20:00:00  $   708.61 2025-07-17 00:00:00  $   715.73 MAX_LOSS       $   -21.05 RANGING          GridV2              
   31 SHORT 2025-09-17 04:00:00  $   954.70 2025-09-17 20:00:00  $   963.82 MAX_LOSS       $   -20.84 RANGING          GridV2              
  100 SHORT 2026-03-02 12:00:00  $   646.25 2026-03-04 12:00:00  $   657.49 SL             $   -20.31 HIGH_VOLATILITY  GridV2              
   57 SHORT 2025-11-06 00:00:00  $   963.02 2025-11-07 16:00:00  $   981.81 TIME_UNDERWATER $   -19.61 TRENDING_DOWN    GPU_MLP             
   61 LONG  2025-11-11 20:00:00  $   958.08 2025-11-12 16:00:00  $   944.39 SL             $   -19.61 RANGING          GridV2              
   38 SHORT 2025-09-30 00:00:00  $  1023.20 2025-10-02 00:00:00  $  1031.04 TIME_WEAK      $   -17.83 TRENDING_UP      GPU_MLP             
   87 LONG  2026-01-25 04:00:00  $   879.40 2026-01-25 16:00:00  $   874.89 MAX_LOSS       $   -17.50 RANGING          GridV2              
   41 SHORT 2025-10-04 00:00:00  $  1170.39 2025-10-06 00:00:00  $  1182.33 TIME_WEAK      $   -15.29 TRENDING_UP      GPU_MLP             
   96 LONG  2026-02-16 12:00:00  $   607.51 2026-02-18 16:00:00  $   603.23 TIME_WEAK      $   -14.81 TRENDING_DOWN    GPU_MLP             
   55 SHORT 2025-10-30 20:00:00  $  1079.05 2025-11-01 08:00:00  $  1089.11 TIME_UNDERWATER $   -13.07 TRENDING_DOWN    GPU_MLP             
   46 LONG  2025-10-14 16:00:00  $  1206.54 2025-10-16 04:00:00  $  1184.47 TIME_UNDERWATER $   -11.71 TRENDING_DOWN    GPU_MLP             
   29 LONG  2025-09-02 00:00:00  $   852.40 2025-09-04 00:00:00  $   848.68 TIME_WEAK      $   -10.84 TRENDING_DOWN    GPU_MLP             
    4 SHORT 2025-06-29 04:00:00  $   649.29 2025-06-29 08:00:00  $   651.86 SL             $   -10.06 RANGING          GridV2              
   53 LONG  2025-10-28 04:00:00  $  1132.46 2025-10-28 16:00:00  $  1128.92 RANGING_STALE  $    -8.22 RANGING          GPU_MLP             
   64 SHORT 2025-11-16 12:00:00  $   923.62 2025-11-18 12:00:00  $   926.11 TIME_WEAK      $    -5.16 TRENDING_DOWN    GPU_MLP             
   26 LONG  2025-08-28 04:00:00  $   869.25 2025-08-28 16:00:00  $   868.69 RANGING_STALE  $    -2.90 RANGING          GPU_MLP             
   58 SHORT 2025-11-08 04:00:00  $   995.38 2025-11-08 16:00:00  $   996.32 RANGING_STALE  $    -2.80 RANGING          GPU_MLP             
   67 SHORT 2025-11-23 16:00:00  $   849.79 2025-11-25 08:00:00  $   850.65 RANGING_STALE  $    -2.57 TRENDING_DOWN    GPU_MLP             
   22 LONG  2025-08-21 08:00:00  $   851.24 2025-08-22 04:00:00  $   851.02 RANGING_STALE  $    -1.65 TRENDING_UP      GPU_MLP             
   20 LONG  2025-08-18 12:00:00  $   841.85 2025-08-19 00:00:00  $   842.01 RANGING_STALE  $    -1.09 RANGING          GPU_MLP             
   30 SHORT 2025-09-06 08:00:00  $   861.07 2025-09-06 20:00:00  $   860.85 RANGING_STALE  $    -0.95 RANGING          GridV2              
   48 LONG  2025-10-18 04:00:00  $  1119.34 2025-10-19 12:00:00  $  1118.94 RANGING_STALE  $    -0.92 TRENDING_DOWN    GPU_MLP             
   51 SHORT 2025-10-24 00:00:00  $  1135.59 2025-10-26 08:00:00  $  1135.28 TIME_WEAK      $    -0.74 RANGING          GPU_MLP             
    2 LONG  2025-06-18 12:00:00  $   642.32 2025-06-20 16:00:00  $   642.69 TIME_WEAK      $    -0.26 RANGING          GridV2              
  ────────────────────────────────────────────────────────────────────────────────────────────────────────────────────────────────────────────
                                                                TOTAL $ -2067.43

  📊 PER-STRATEGY BREAKDOWN:
    ✅ GridV2                          15 trades  $    +24.28  (avg $   +1.62)
    ❌ GPU_MLP                         85 trades  $   -222.76  (avg $   -2.62)

────────────────────────────────────────────────────────────────────────────────
  🔄 XRPUSDT — 2190 candles — Capital: $1,500
  ⚙️  Overrides: CONFIDENCE_FLOOR=0.38, RISK_PER_TRADE=0.004, GRID_V2_ENABLED=False, GRID_V2_ALLOWED_TIMEFRAMES=['1h'], GRID_V2_ADX_THRESHOLD=23
────────────────────────────────────────────────────────────────────────────────
  🚧 GPU-native engine + remote quantum backend (local CUDA MLP + batched QMC)
  🚀 XGBoost → remote GPU training: http://127.0.0.1:4001
  🚀 PyTorch MLP → remote GPU training: http://127.0.0.1:4001
  📁 XRPUSDT: Loaded 1131 cached 8h funding rates
  📊 XRPUSDT real funding: mean_8h=0.000027, positive=62.2%, est. APR=2.98%
  ♻️ NeuronAI state restored (defense=False, WR=44%, risk_mult=0.50)
  🚀 XGBoost → remote GPU training: http://127.0.0.1:4001
  🚀 PyTorch MLP → remote GPU training: http://127.0.0.1:4001
  📁 XRPUSDT: Loaded 1131 cached 8h funding rates
  📊 XRPUSDT real funding: mean_8h=0.000027, positive=62.2%, est. APR=2.98%
  ♻️ Learner state restored (deactivated={'GPU_MLP'})
  🚧 GPU-native experimental engine active (CUDA tensor pipeline)
  🔌 Pre-computing ExternalSignals plan (1690 candles, lookback=200)
  ✅ ExtSig plan: 56 BUY / 89 SELL (428 ms)
  📊 MLP training loop: 1689 candles, retrain every 100, ~16 retrains, dims=[2048, 1024, 512, 256], epochs=96, repeat=32
    retrain 1/16 | candle 600/2189 (5.9%) | acc=0.856/0.440 | ep=11 | 0.1s
    retrain 2/16 | candle 700/2189 (11.8%) | acc=0.956/0.509 | ep=12 | 0.3s
    retrain 3/16 | candle 800/2189 (17.8%) | acc=0.926/0.278 | ep=12 | 0.5s
    retrain 4/16 | candle 900/2189 (23.7%) | acc=0.830/0.491 | ep=14 | 0.7s
    retrain 5/16 | candle 1000/2189 (29.6%) | acc=0.849/0.491 | ep=12 | 0.9s
    retrain 6/16 | candle 1100/2189 (35.5%) | acc=0.871/0.475 | ep=11 | 1.1s
    retrain 7/16 | candle 1200/2189 (41.4%) | acc=0.959/0.586 | ep=12 | 1.2s
    retrain 8/16 | candle 1300/2189 (47.4%) | acc=0.937/0.386 | ep=26 | 1.6s
    retrain 9/16 | candle 1400/2189 (53.3%) | acc=0.784/0.518 | ep=12 | 1.8s
    retrain 10/16 | candle 1500/2189 (59.2%) | acc=0.838/0.618 | ep=17 | 2.0s
    retrain 11/16 | candle 1600/2189 (65.1%) | acc=0.860/0.596 | ep=15 | 2.3s
    retrain 12/16 | candle 1700/2189 (71.0%) | acc=0.919/0.429 | ep=11 | 2.4s
    retrain 13/16 | candle 1800/2189 (77.0%) | acc=0.874/0.564 | ep=13 | 2.6s
    retrain 14/16 | candle 1900/2189 (82.9%) | acc=0.940/0.463 | ep=11 | 2.8s
    retrain 15/16 | candle 2000/2189 (88.8%) | acc=0.951/0.529 | ep=13 | 3.0s
    retrain 16/16 | candle 2100/2189 (94.7%) | acc=0.920/0.353 | ep=11 | 3.1s
    retrain 17/16 | candle 2189/2189 (100.0%) | acc=0.873/0.596 | ep=12 | 3.3s
  ✅ MLP training complete: 17 retrains in 3.3s
  ⚡ Executing 1689 candles (GridV2 + MomentumHTF + GPU_MLP signals)... [cooldown=3, min_conf=0.65, momentum_gate=False, TP=2.5×ATR SIMPLE_EXITS]
  ✅ Execution complete: 83 trades in 0.3s
  ❌ XRPUSDT: 84 trades | PF 0.907 | WR 34.5% | Return -1.36% | MaxDD 2.2%
  ⚛️  backend=remote-gpu | remote=online | calls=0 | failures=0
  💰 Funding Arb: $+78.93 | 41 positions | 845 settlements
  📰 News Filter: 0 blocked | 271 events | {'REGULATORY': 48, 'PANIC': 56, 'ECOSYSTEM': 114, 'FOMO': 51, 'WHALE_MOVE': 2}

  💰 WINNING TRADES (29):
    # Side  Entry Time               Entry$ Exit Time                 Exit$ Reason            Net PnL Regime           Strategy            
  ────────────────────────────────────────────────────────────────────────────────────────────────────────────────────────────────────────────
    7 LONG  2025-07-16 12:00:00  $     2.98 2025-07-17 16:00:00  $     3.31 TP             $   +16.53 TRENDING_UP      GPU_MLP             
   69 SHORT 2026-01-29 12:00:00  $     1.80 2026-01-31 08:00:00  $     1.69 TP             $   +14.02 TRENDING_DOWN    GPU_MLP             
   58 SHORT 2025-12-18 12:00:00  $     1.92 2025-12-18 16:00:00  $     1.82 TP             $   +12.19 RANGING          GPU_MLP             
   45 SHORT 2025-11-13 12:00:00  $     2.43 2025-11-14 12:00:00  $     2.24 TP             $   +12.17 TRENDING_UP      GPU_MLP             
   40 SHORT 2025-10-27 12:00:00  $     2.66 2025-10-30 04:00:00  $     2.52 TP             $   +11.99 TRENDING_UP      GPU_MLP             
    1 LONG  2025-06-14 16:00:00  $     2.12 2025-06-16 12:00:00  $     2.26 TP             $   +11.74 TRENDING_DOWN    GPU_MLP             
   64 SHORT 2026-01-14 12:00:00  $     2.16 2026-01-16 12:00:00  $     2.05 TP             $   +11.37 RANGING          GPU_MLP             
   42 SHORT 2025-11-03 00:00:00  $     2.43 2025-11-03 12:00:00  $     2.31 TP             $   +11.22 TRENDING_DOWN    GPU_MLP             
   30 SHORT 2025-09-18 12:00:00  $     3.11 2025-09-20 12:00:00  $     2.97 TP             $   +10.82 TRENDING_UP      GPU_MLP             
   22 LONG  2025-09-01 00:00:00  $     2.74 2025-09-02 20:00:00  $     2.86 TP             $   +10.01 TRENDING_DOWN    GPU_MLP             
   38 SHORT 2025-10-21 12:00:00  $     2.52 2025-10-22 08:00:00  $     2.38 TP             $    +9.18 TRENDING_UP      GPU_MLP             
    4 LONG  2025-06-27 04:00:00  $     2.09 2025-06-28 00:00:00  $     2.17 TP             $    +9.04 RANGING          GPU_MLP             
   65 SHORT 2026-01-18 20:00:00  $     1.99 2026-01-19 00:00:00  $     1.92 TP             $    +8.38 TRENDING_DOWN    GPU_MLP             
   84 SHORT 2026-03-18 04:00:00  $     1.52 2026-03-19 20:00:00  $     1.44 END            $    +7.70 TRENDING_UP      GPU_MLP             
   54 SHORT 2025-12-09 16:00:00  $     2.13 2025-12-11 00:00:00  $     2.02 TP             $    +6.46 HIGH_VOLATILITY  GPU_MLP             
   28 SHORT 2025-09-14 00:00:00  $     3.10 2025-09-17 00:00:00  $     3.02 TIME_EMERGENCY $    +5.69 TRENDING_UP      GPU_MLP             
   78 SHORT 2026-03-05 16:00:00  $     1.41 2026-03-08 16:00:00  $     1.36 TIME_EMERGENCY $    +5.53 TRENDING_UP      GPU_MLP             
   14 SHORT 2025-08-07 20:00:00  $     3.32 2025-08-10 20:00:00  $     3.19 TIME_EMERGENCY $    +5.42 HIGH_VOLATILITY  GPU_MLP             
   33 SHORT 2025-10-06 20:00:00  $     2.99 2025-10-07 12:00:00  $     2.92 SL             $    +4.93 RANGING          GPU_MLP             
   66 SHORT 2026-01-20 00:00:00  $     1.96 2026-01-23 00:00:00  $     1.92 TIME_EMERGENCY $    +4.69 TRENDING_DOWN    GPU_MLP             
    6 LONG  2025-07-12 20:00:00  $     2.74 2025-07-15 20:00:00  $     2.92 TIME_EMERGENCY $    +3.88 TRENDING_UP      GPU_MLP             
    8 LONG  2025-07-18 20:00:00  $     3.41 2025-07-21 20:00:00  $     3.55 TIME_EMERGENCY $    +2.37 TRENDING_UP      GPU_MLP             
   72 SHORT 2026-02-06 20:00:00  $     1.47 2026-02-09 20:00:00  $     1.44 TIME_EMERGENCY $    +1.92 RANGING          GPU_MLP             
   53 SHORT 2025-12-04 16:00:00  $     2.10 2025-12-07 16:00:00  $     2.09 TIME_EMERGENCY $    +0.92 RANGING          GPU_MLP             
   81 SHORT 2026-03-10 20:00:00  $     1.39 2026-03-11 12:00:00  $     1.38 RANGING_STALE  $    +0.49 RANGING          GPU_MLP             
   18 LONG  2025-08-23 16:00:00  $     3.03 2025-08-24 04:00:00  $     3.04 RANGING_STALE  $    +0.27 RANGING          GPU_MLP             
   73 SHORT 2026-02-10 12:00:00  $     1.41 2026-02-11 00:00:00  $     1.40 RANGING_STALE  $    +0.26 RANGING          GPU_MLP             
   50 SHORT 2025-11-24 16:00:00  $     2.23 2025-11-26 16:00:00  $     2.23 TIME_WEAK      $    +0.05 HIGH_VOLATILITY  GPU_MLP             
   11 LONG  2025-07-29 12:00:00  $     3.10 2025-07-31 12:00:00  $     3.10 TIME_WEAK      $    +0.01 TRENDING_DOWN    GPU_MLP             
  ────────────────────────────────────────────────────────────────────────────────────────────────────────────────────────────────────────────
                                                                TOTAL $  +199.25

  💀 LOSING TRADES (55):
    # Side  Entry Time               Entry$ Exit Time                 Exit$ Reason            Net PnL Regime           Strategy            
  ────────────────────────────────────────────────────────────────────────────────────────────────────────────────────────────────────────────
   59 SHORT 2025-12-19 04:00:00  $     1.87 2025-12-20 08:00:00  $     1.92 SL             $    -6.65 RANGING          GPU_MLP             
   76 SHORT 2026-02-14 20:00:00  $     1.51 2026-02-15 04:00:00  $     1.56 SL             $    -6.46 TRENDING_UP      GPU_MLP             
   51 SHORT 2025-11-28 08:00:00  $     2.20 2025-11-28 12:00:00  $     2.26 SL             $    -6.45 TRENDING_UP      GPU_MLP             
   71 LONG  2026-02-04 12:00:00  $     1.54 2026-02-05 00:00:00  $     1.47 SL             $    -6.43 TRENDING_DOWN    GPU_MLP             
   31 SHORT 2025-10-01 08:00:00  $     2.94 2025-10-02 16:00:00  $     3.03 SL             $    -6.41 TRENDING_UP      GPU_MLP             
   13 SHORT 2025-08-06 00:00:00  $     2.91 2025-08-07 08:00:00  $     3.03 SL             $    -6.36 TRENDING_DOWN    GPU_MLP             
   48 LONG  2025-11-20 20:00:00  $     2.00 2025-11-21 04:00:00  $     1.91 SL             $    -6.35 TRENDING_DOWN    GPU_MLP             
    5 LONG  2025-07-03 08:00:00  $     2.30 2025-07-04 04:00:00  $     2.23 SL             $    -6.32 TRENDING_UP      GPU_MLP             
   16 LONG  2025-08-17 00:00:00  $     3.12 2025-08-18 00:00:00  $     3.04 SL             $    -6.27 TRENDING_DOWN    GPU_MLP             
   36 LONG  2025-10-15 20:00:00  $     2.41 2025-10-16 20:00:00  $     2.30 SL             $    -6.27 TRENDING_DOWN    GPU_MLP             
   34 LONG  2025-10-08 12:00:00  $     2.87 2025-10-09 08:00:00  $     2.79 SL             $    -6.18 TRENDING_DOWN    GPU_MLP             
   39 SHORT 2025-10-25 12:00:00  $     2.60 2025-10-27 00:00:00  $     2.66 SL             $    -6.11 TRENDING_UP      GPU_MLP             
   75 SHORT 2026-02-13 16:00:00  $     1.41 2026-02-14 08:00:00  $     1.45 SL             $    -6.06 RANGING          GPU_MLP             
    9 LONG  2025-07-23 12:00:00  $     3.32 2025-07-23 20:00:00  $     3.15 SL             $    -5.81 HIGH_VOLATILITY  GPU_MLP             
   52 SHORT 2025-12-02 20:00:00  $     2.15 2025-12-03 04:00:00  $     2.21 SL             $    -5.76 RANGING          GPU_MLP             
   15 SHORT 2025-08-11 20:00:00  $     3.13 2025-08-12 12:00:00  $     3.20 SL             $    -5.75 RANGING          GPU_MLP             
   67 SHORT 2026-01-25 16:00:00  $     1.82 2026-01-26 00:00:00  $     1.86 SL             $    -5.75 HIGH_VOLATILITY  GPU_MLP             
   43 SHORT 2025-11-10 00:00:00  $     2.46 2025-11-10 08:00:00  $     2.52 SL             $    -5.71 RANGING          GPU_MLP             
   47 LONG  2025-11-18 00:00:00  $     2.16 2025-11-19 12:00:00  $     2.09 TIME_UNDERWATER $    -5.62 TRENDING_DOWN    GPU_MLP             
   79 SHORT 2026-03-09 04:00:00  $     1.34 2026-03-09 12:00:00  $     1.37 SL             $    -5.57 TRENDING_DOWN    GPU_MLP             
   55 SHORT 2025-12-11 16:00:00  $     2.01 2025-12-11 20:00:00  $     2.06 SL             $    -5.52 RANGING          GPU_MLP             
   61 SHORT 2025-12-25 20:00:00  $     1.83 2025-12-26 00:00:00  $     1.87 SL             $    -5.43 TRENDING_DOWN    GPU_MLP             
   26 SHORT 2025-09-11 12:00:00  $     2.99 2025-09-12 00:00:00  $     3.06 SL             $    -5.42 TRENDING_UP      GPU_MLP             
   57 SHORT 2025-12-15 12:00:00  $     1.93 2025-12-17 12:00:00  $     1.97 SL             $    -5.36 TRENDING_DOWN    GPU_MLP             
   27 SHORT 2025-09-12 12:00:00  $     3.03 2025-09-12 20:00:00  $     3.10 SL             $    -5.32 TRENDING_UP      GPU_MLP             
    3 LONG  2025-06-21 16:00:00  $     2.07 2025-06-21 20:00:00  $     2.02 SL             $    -5.27 TRENDING_DOWN    GPU_MLP             
   56 SHORT 2025-12-12 12:00:00  $     1.98 2025-12-12 16:00:00  $     2.02 SL             $    -5.22 RANGING          GPU_MLP             
   29 SHORT 2025-09-17 12:00:00  $     3.02 2025-09-17 20:00:00  $     3.09 SL             $    -5.21 TRENDING_DOWN    GPU_MLP             
   20 LONG  2025-08-27 12:00:00  $     3.02 2025-08-28 00:00:00  $     2.95 SL             $    -5.04 RANGING          GPU_MLP             
   19 LONG  2025-08-24 20:00:00  $     3.03 2025-08-25 04:00:00  $     2.96 SL             $    -4.98 RANGING          GPU_MLP             
   37 SHORT 2025-10-20 04:00:00  $     2.47 2025-10-20 16:00:00  $     2.52 SL             $    -4.88 RANGING          GPU_MLP             
   62 SHORT 2025-12-26 12:00:00  $     1.84 2025-12-28 00:00:00  $     1.87 TIME_UNDERWATER $    -4.71 TRENDING_DOWN    GPU_MLP             
   25 SHORT 2025-09-07 12:00:00  $     2.90 2025-09-08 12:00:00  $     2.96 SL             $    -4.62 TRENDING_UP      GPU_MLP             
   32 LONG  2025-10-03 12:00:00  $     3.07 2025-10-04 08:00:00  $     2.99 SL             $    -4.47 TRENDING_UP      GPU_MLP             
   80 SHORT 2026-03-10 00:00:00  $     1.38 2026-03-10 08:00:00  $     1.40 SL             $    -4.45 RANGING          GPU_MLP             
    2 LONG  2025-06-17 12:00:00  $     2.18 2025-06-18 08:00:00  $     2.13 SL             $    -4.00 RANGING          GPU_MLP             
   46 LONG  2025-11-15 12:00:00  $     2.25 2025-11-17 12:00:00  $     2.21 TIME_WEAK      $    -2.61 TRENDING_DOWN    GPU_MLP             
   44 SHORT 2025-11-11 04:00:00  $     2.45 2025-11-13 00:00:00  $     2.48 TIME_UNDERWATER $    -2.10 TRENDING_UP      GPU_MLP             
   83 SHORT 2026-03-13 12:00:00  $     1.41 2026-03-15 08:00:00  $     1.42 TIME_UNDERWATER $    -1.82 TRENDING_UP      GPU_MLP             
   68 SHORT 2026-01-26 12:00:00  $     1.93 2026-01-28 08:00:00  $     1.94 TIME_UNDERWATER $    -1.71 HIGH_VOLATILITY  GPU_MLP             
   35 LONG  2025-10-12 20:00:00  $     2.53 2025-10-14 08:00:00  $     2.45 TIME_UNDERWATER $    -1.08 TRENDING_DOWN    GPU_MLP             
   41 SHORT 2025-10-31 12:00:00  $     2.52 2025-11-02 08:00:00  $     2.54 TIME_UNDERWATER $    -1.08 TRENDING_DOWN    GPU_MLP             
   21 LONG  2025-08-29 12:00:00  $     2.83 2025-08-31 12:00:00  $     2.82 TIME_WEAK      $    -1.04 TRENDING_DOWN    GPU_MLP             
   82 SHORT 2026-03-12 00:00:00  $     1.37 2026-03-12 16:00:00  $     1.38 RANGING_STALE  $    -0.98 RANGING          GPU_MLP             
   63 LONG  2026-01-08 08:00:00  $     2.09 2026-01-09 16:00:00  $     2.08 RANGING_STALE  $    -0.80 RANGING          GPU_MLP             
   23 SHORT 2025-09-03 08:00:00  $     2.86 2025-09-05 16:00:00  $     2.86 TIME_WEAK      $    -0.79 RANGING          GPU_MLP             
   10 LONG  2025-07-26 00:00:00  $     3.14 2025-07-28 20:00:00  $     3.12 TIME_WEAK      $    -0.72 TRENDING_DOWN    GPU_MLP             
   17 LONG  2025-08-19 16:00:00  $     2.88 2025-08-21 16:00:00  $     2.87 TIME_WEAK      $    -0.61 TRENDING_DOWN    GPU_MLP             
   70 LONG  2026-02-01 20:00:00  $     1.59 2026-02-03 20:00:00  $     1.58 TIME_WEAK      $    -0.57 TRENDING_DOWN    GPU_MLP             
   60 SHORT 2025-12-22 16:00:00  $     1.90 2025-12-23 08:00:00  $     1.91 RANGING_STALE  $    -0.54 RANGING          GPU_MLP             
   12 SHORT 2025-08-02 08:00:00  $     2.94 2025-08-03 20:00:00  $     2.95 RANGING_STALE  $    -0.49 TRENDING_DOWN    GPU_MLP             
   24 SHORT 2025-09-06 04:00:00  $     2.82 2025-09-07 00:00:00  $     2.82 RANGING_STALE  $    -0.32 RANGING          GPU_MLP             
   49 SHORT 2025-11-23 12:00:00  $     2.06 2025-11-24 04:00:00  $     2.06 RANGING_STALE  $    -0.19 RANGING          GPU_MLP             
   74 SHORT 2026-02-11 12:00:00  $     1.35 2026-02-13 04:00:00  $     1.35 RANGING_STALE  $    -0.08 TRENDING_DOWN    GPU_MLP             
   77 SHORT 2026-02-15 20:00:00  $     1.48 2026-02-17 20:00:00  $     1.47 TIME_WEAK      $    -0.00 TRENDING_UP      GPU_MLP             
  ────────────────────────────────────────────────────────────────────────────────────────────────────────────────────────────────────────────
                                                                TOTAL $  -219.72

  📊 PER-STRATEGY BREAKDOWN:
    ❌ GPU_MLP                         84 trades  $    -20.47  (avg $   -0.24)

══════════════════════════════════════════════════════════════════════════════════════════
  📊 MULTI-PAIR SUMMARY (P#72 Adaptive+Funding+Grid)
══════════════════════════════════════════════════════════════════════════════════════════
  Symbol       QB     Rmt     QChk  Capital  Trades      WR      PF    Return   MaxDD   TradePnL    FundPnL      TOTAL
  ──────────────────────────────────────────────────────────────────────────────────────────────────────────────────────
  ✅ BTCUSDT   GPU  ONLINE       0F $   800      68   32.4%   0.822    +1.01%    3.3% $   -14.27 $   +22.37 $    +8.10
  ✅ ETHUSDT   GPU  ONLINE       0F $ 1,200      80   37.5%   1.361   +12.26%    1.7% $   +71.28 $   +75.80 $  +147.08
  ✅ SOLUSDT   GPU  ONLINE       0F $ 3,000      69   44.9%   1.523   +19.52%    4.0% $  +382.92 $  +202.68 $  +585.60
  ✅ BNBUSDT   GPU  ONLINE       0F $ 3,500     100   33.0%   0.904    +0.10%    9.3% $  -198.48 $  +202.10 $    +3.62
  ✅ XRPUSDT   GPU  ONLINE       0F $ 1,500      84   34.5%   0.907    +3.90%    2.2% $   -20.46 $   +78.93 $   +58.47
  ──────────────────────────────────────────────────────────────────────────────────────────────────────────────────────
  ✅ TOTAL                          $10,000     401                    +8.03%         $  +220.99 $  +581.88 $  +802.87

  📊 P#200g REBALANCER RECOMMENDATION (Sharpe-weighted):
    BNBUSDT     35.0% →  20.0% (-15.0%) ↓
    BTCUSDT      8.0% →  20.0% (+12.0%) ↑
    ETHUSDT     12.0% →  20.0% (+8.0%) ↑
    SOLUSDT     30.0% →  20.0% (-10.0%) ↓
    XRPUSDT     15.0% →  20.0% (+5.0%) ↑
    ✅ Rebalancer APPLIED — PAIR_CAPITAL_ALLOCATION updated for next run

[WORKER] Saved job artifact: C:\Users\dudzi\turbo-bot-local\ml-service\results\remote_gpu_full_20260331_210517\multi_4h.json
